2024-01-17 08:25:12,271 INFO org.springframework.boot.StartupInfoLogger [restartedMain] Starting Application on U348983 with PID 16260 (C:\marija\target\classes started by TAARAMAW in C:\marija)
2024-01-17 08:25:12,280 INFO org.springframework.boot.SpringApplication [restartedMain] No active profile set, falling back to default profiles: default
2024-01-17 08:25:12,356 INFO org.springframework.boot.logging.DeferredLog [restartedMain] The Class-Path manifest attribute in C:\Users\taaramaw\.m2\repository\org\glassfish\jaxb\jaxb-runtime\2.3.2\jaxb-runtime-2.3.2.jar referenced one or more files that do not exist: file:/C:/Users/taaramaw/.m2/repository/org/glassfish/jaxb/jaxb-runtime/2.3.2/jakarta.xml.bind-api-2.3.2.jar,file:/C:/Users/taaramaw/.m2/repository/org/glassfish/jaxb/jaxb-runtime/2.3.2/txw2-2.3.2.jar,file:/C:/Users/taaramaw/.m2/repository/org/glassfish/jaxb/jaxb-runtime/2.3.2/istack-commons-runtime-3.0.8.jar,file:/C:/Users/taaramaw/.m2/repository/org/glassfish/jaxb/jaxb-runtime/2.3.2/stax-ex-1.8.1.jar,file:/C:/Users/taaramaw/.m2/repository/org/glassfish/jaxb/jaxb-runtime/2.3.2/FastInfoset-1.2.16.jar,file:/C:/Users/taaramaw/.m2/repository/org/glassfish/jaxb/jaxb-runtime/2.3.2/jakarta.activation-api-1.2.1.jar
2024-01-17 08:25:12,361 INFO org.springframework.boot.logging.DeferredLog [restartedMain] Devtools property defaults active! Set 'spring.devtools.add-properties' to 'false' to disable
2024-01-17 08:25:12,363 INFO org.springframework.boot.logging.DeferredLog [restartedMain] For additional web related logging consider setting the 'logging.level.web' property to 'DEBUG'
2024-01-17 08:25:13,744 INFO org.springframework.data.repository.config.RepositoryConfigurationDelegate [restartedMain] Bootstrapping Spring Data JPA repositories in DEFAULT mode.
2024-01-17 08:25:13,811 INFO org.springframework.data.repository.config.RepositoryConfigurationDelegate [restartedMain] Finished Spring Data repository scanning in 59ms. Found 2 JPA repository interfaces.
2024-01-17 08:25:14,673 INFO org.springframework.boot.web.embedded.tomcat.TomcatWebServer [restartedMain] Tomcat initialized with port(s): 8080 (http)
2024-01-17 08:25:14,688 INFO org.apache.juli.logging.DirectJDKLog [restartedMain] Initializing ProtocolHandler ["http-nio-8080"]
2024-01-17 08:25:14,690 INFO org.apache.juli.logging.DirectJDKLog [restartedMain] Starting service [Tomcat]
2024-01-17 08:25:14,691 INFO org.apache.juli.logging.DirectJDKLog [restartedMain] Starting Servlet engine: [Apache Tomcat/9.0.31]
2024-01-17 08:25:14,924 INFO org.apache.juli.logging.DirectJDKLog [restartedMain] Initializing Spring embedded WebApplicationContext
2024-01-17 08:25:14,926 DEBUG org.springframework.boot.web.servlet.context.ServletWebServerApplicationContext [restartedMain] Published root WebApplicationContext as ServletContext attribute with name [org.springframework.web.context.WebApplicationContext.ROOT]
2024-01-17 08:25:14,928 INFO org.springframework.boot.web.servlet.context.ServletWebServerApplicationContext [restartedMain] Root WebApplicationContext: initialization completed in 2563 ms
2024-01-17 08:25:15,359 INFO com.zaxxer.hikari.HikariDataSource [restartedMain] HikariPool-1 - Starting...
2024-01-17 08:25:15,693 INFO com.zaxxer.hikari.HikariDataSource [restartedMain] HikariPool-1 - Start completed.
2024-01-17 08:25:15,710 INFO org.springframework.boot.autoconfigure.h2.H2ConsoleAutoConfiguration [restartedMain] H2 console available at '/h2-console/'. Database available at 'jdbc:h2:mem:chatdb'
2024-01-17 08:25:16,212 INFO org.hibernate.jpa.internal.util.LogHelper [restartedMain] HHH000204: Processing PersistenceUnitInfo [name: default]
2024-01-17 08:25:16,337 INFO org.hibernate.Version [restartedMain] HHH000412: Hibernate ORM core version 5.4.12.Final
2024-01-17 08:25:16,505 INFO org.hibernate.annotations.common.reflection.java.JavaReflectionManager [restartedMain] HCANN000001: Hibernate Commons Annotations {5.1.0.Final}
2024-01-17 08:25:16,670 INFO org.hibernate.dialect.Dialect [restartedMain] HHH000400: Using dialect: org.hibernate.dialect.H2Dialect
2024-01-17 08:25:17,336 INFO org.hibernate.engine.transaction.jta.platform.internal.JtaPlatformInitiator [restartedMain] HHH000490: Using JtaPlatform implementation: [org.hibernate.engine.transaction.jta.platform.internal.NoJtaPlatform]
2024-01-17 08:25:17,344 INFO org.springframework.orm.jpa.AbstractEntityManagerFactoryBean [restartedMain] Initialized JPA EntityManagerFactory for persistence unit 'default'
2024-01-17 08:25:17,425 INFO org.springframework.boot.devtools.autoconfigure.OptionalLiveReloadServer [restartedMain] LiveReload server is running on port 35729
2024-01-17 08:25:17,855 WARN org.springframework.boot.autoconfigure.orm.jpa.JpaBaseConfiguration$JpaWebConfiguration [restartedMain] spring.jpa.open-in-view is enabled by default. Therefore, database queries may be performed during view rendering. Explicitly configure spring.jpa.open-in-view to disable this warning
2024-01-17 08:25:18,010 INFO org.springframework.security.web.DefaultSecurityFilterChain [restartedMain] Creating filter chain: any request, [org.springframework.security.web.context.request.async.WebAsyncManagerIntegrationFilter@7d0e349a, org.springframework.security.web.context.SecurityContextPersistenceFilter@33905e51, org.springframework.security.web.header.HeaderWriterFilter@6ac50097, org.springframework.security.web.csrf.CsrfFilter@464d7ff3, org.springframework.security.web.authentication.logout.LogoutFilter@4b3c273f, org.springframework.security.web.authentication.UsernamePasswordAuthenticationFilter@14290fad, org.springframework.security.web.savedrequest.RequestCacheAwareFilter@5d86eb21, org.springframework.security.web.servletapi.SecurityContextHolderAwareRequestFilter@247fd66f, org.springframework.security.web.authentication.AnonymousAuthenticationFilter@39855bec, org.springframework.security.web.session.SessionManagementFilter@4a011d25, org.springframework.security.web.access.ExceptionTranslationFilter@2da1cf77, org.springframework.security.web.access.intercept.FilterSecurityInterceptor@2c632dad]
2024-01-17 08:25:18,183 INFO org.springframework.scheduling.concurrent.ExecutorConfigurationSupport [restartedMain] Initializing ExecutorService 'applicationTaskExecutor'
2024-01-17 08:25:18,194 DEBUG org.springframework.web.servlet.mvc.method.annotation.RequestMappingHandlerAdapter [restartedMain] ControllerAdvice beans: 0 @ModelAttribute, 0 @InitBinder, 1 RequestBodyAdvice, 1 ResponseBodyAdvice
2024-01-17 08:25:18,270 DEBUG org.springframework.web.servlet.handler.AbstractHandlerMethodMapping [restartedMain] 13 mappings in 'requestMappingHandlerMapping'
2024-01-17 08:25:18,275 INFO org.springframework.boot.autoconfigure.web.servlet.WelcomePageHandlerMapping [restartedMain] Adding welcome page: class path resource [static/index.html]
2024-01-17 08:25:18,303 DEBUG org.springframework.web.servlet.handler.SimpleUrlHandlerMapping [restartedMain] Patterns [/webjars/**, /**] in 'resourceHandlerMapping'
2024-01-17 08:25:18,317 DEBUG org.springframework.web.servlet.mvc.method.annotation.ExceptionHandlerExceptionResolver [restartedMain] ControllerAdvice beans: 0 @ExceptionHandler, 1 ResponseBodyAdvice
2024-01-17 08:25:18,561 INFO org.springframework.boot.actuate.endpoint.web.EndpointLinksResolver [restartedMain] Exposing 2 endpoint(s) beneath base path '/actuator'
2024-01-17 08:25:18,610 INFO org.apache.juli.logging.DirectJDKLog [restartedMain] Starting ProtocolHandler ["http-nio-8080"]
2024-01-17 08:25:18,662 INFO org.springframework.boot.web.embedded.tomcat.TomcatWebServer [restartedMain] Tomcat started on port(s): 8080 (http) with context path ''
2024-01-17 08:25:18,666 INFO org.springframework.boot.StartupInfoLogger [restartedMain] Started Application in 7.136 seconds (JVM running for 8.216)
2024-01-17 08:25:24,773 INFO org.apache.juli.logging.DirectJDKLog [http-nio-8080-exec-1] Initializing Spring DispatcherServlet 'dispatcherServlet'
2024-01-17 08:25:24,775 INFO org.springframework.web.servlet.FrameworkServlet [http-nio-8080-exec-1] Initializing Servlet 'dispatcherServlet'
2024-01-17 08:25:24,776 DEBUG org.springframework.web.servlet.DispatcherServlet [http-nio-8080-exec-1] Detected StandardServletMultipartResolver
2024-01-17 08:25:24,783 DEBUG org.springframework.web.servlet.FrameworkServlet [http-nio-8080-exec-1] enableLoggingRequestDetails='false': request parameters and headers will be masked to prevent unsafe logging of potentially sensitive data
2024-01-17 08:25:24,785 INFO org.springframework.web.servlet.FrameworkServlet [http-nio-8080-exec-1] Completed initialization in 9 ms
2024-01-17 08:25:24,814 DEBUG org.springframework.core.log.LogFormatUtils [http-nio-8080-exec-1] GET "/", parameters={}
2024-01-17 08:25:24,835 DEBUG org.springframework.web.servlet.view.ContentNegotiatingViewResolver [http-nio-8080-exec-1] Selected 'text/html' given [text/html, application/xhtml+xml, image/avif, image/webp, image/apng, application/xml;q=0.9, application/signed-exchange;v=b3;q=0.7, */*;q=0.8]
2024-01-17 08:25:24,837 DEBUG org.springframework.web.servlet.view.AbstractView [http-nio-8080-exec-1] View [InternalResourceView], model {}
2024-01-17 08:25:24,840 DEBUG org.springframework.web.servlet.view.InternalResourceView [http-nio-8080-exec-1] Forwarding to [index.html]
2024-01-17 08:25:24,845 DEBUG org.springframework.core.log.LogFormatUtils [http-nio-8080-exec-1] "FORWARD" dispatch for GET "/index.html", parameters={}
2024-01-17 08:25:24,850 DEBUG org.springframework.web.servlet.handler.AbstractHandlerMapping [http-nio-8080-exec-1] Mapped to ResourceHttpRequestHandler ["classpath:/META-INF/resources/", "classpath:/resources/", "classpath:/static/", "classpath:/public/", "/"]
2024-01-17 08:25:24,891 DEBUG org.springframework.web.servlet.FrameworkServlet [http-nio-8080-exec-1] Exiting from "FORWARD" dispatch, status 200
2024-01-17 08:25:24,896 DEBUG org.springframework.web.servlet.FrameworkServlet [http-nio-8080-exec-1] Completed 200 OK
2024-01-17 08:25:24,936 DEBUG org.springframework.core.log.LogFormatUtils [http-nio-8080-exec-2] GET "/css/pr_bbw.css", parameters={}
2024-01-17 08:25:24,941 DEBUG org.springframework.web.servlet.handler.AbstractHandlerMapping [http-nio-8080-exec-2] Mapped to ResourceHttpRequestHandler ["classpath:/META-INF/resources/", "classpath:/resources/", "classpath:/static/", "classpath:/public/", "/"]
2024-01-17 08:25:24,943 DEBUG org.springframework.core.log.LogFormatUtils [http-nio-8080-exec-4] GET "/img/garten.png", parameters={}
2024-01-17 08:25:24,944 DEBUG org.springframework.core.log.LogFormatUtils [http-nio-8080-exec-3] GET "/img/aussicht.png", parameters={}
2024-01-17 08:25:24,950 DEBUG org.springframework.web.servlet.handler.AbstractHandlerMapping [http-nio-8080-exec-4] Mapped to ResourceHttpRequestHandler ["classpath:/META-INF/resources/", "classpath:/resources/", "classpath:/static/", "classpath:/public/", "/"]
2024-01-17 08:25:24,957 DEBUG org.springframework.web.servlet.handler.AbstractHandlerMapping [http-nio-8080-exec-3] Mapped to ResourceHttpRequestHandler ["classpath:/META-INF/resources/", "classpath:/resources/", "classpath:/static/", "classpath:/public/", "/"]
2024-01-17 08:25:24,966 DEBUG org.springframework.web.servlet.FrameworkServlet [http-nio-8080-exec-3] Completed 200 OK
2024-01-17 08:25:24,973 DEBUG org.springframework.core.log.LogFormatUtils [http-nio-8080-exec-7] GET "/img/gastfreundschaft.png", parameters={}
2024-01-17 08:25:24,976 DEBUG org.springframework.web.servlet.FrameworkServlet [http-nio-8080-exec-2] Completed 200 OK
2024-01-17 08:25:24,979 DEBUG org.springframework.web.servlet.handler.AbstractHandlerMapping [http-nio-8080-exec-7] Mapped to ResourceHttpRequestHandler ["classpath:/META-INF/resources/", "classpath:/resources/", "classpath:/static/", "classpath:/public/", "/"]
2024-01-17 08:25:24,980 DEBUG org.springframework.web.servlet.FrameworkServlet [http-nio-8080-exec-4] Completed 200 OK
2024-01-17 08:25:24,990 DEBUG org.springframework.web.servlet.FrameworkServlet [http-nio-8080-exec-7] Completed 200 OK
2024-01-17 08:25:24,991 DEBUG org.springframework.core.log.LogFormatUtils [http-nio-8080-exec-6] GET "/img/mahlzeit.png", parameters={}
2024-01-17 08:25:24,994 DEBUG org.springframework.web.servlet.handler.AbstractHandlerMapping [http-nio-8080-exec-6] Mapped to ResourceHttpRequestHandler ["classpath:/META-INF/resources/", "classpath:/resources/", "classpath:/static/", "classpath:/public/", "/"]
2024-01-17 08:25:24,997 DEBUG org.springframework.core.log.LogFormatUtils [http-nio-8080-exec-5] GET "/img/wifi-signal.png", parameters={}
2024-01-17 08:25:25,004 DEBUG org.springframework.web.servlet.handler.AbstractHandlerMapping [http-nio-8080-exec-5] Mapped to ResourceHttpRequestHandler ["classpath:/META-INF/resources/", "classpath:/resources/", "classpath:/static/", "classpath:/public/", "/"]
2024-01-17 08:25:25,007 DEBUG org.springframework.web.servlet.FrameworkServlet [http-nio-8080-exec-6] Completed 200 OK
2024-01-17 08:25:25,020 DEBUG org.springframework.web.servlet.FrameworkServlet [http-nio-8080-exec-5] Completed 200 OK
2024-01-17 08:25:25,061 DEBUG org.springframework.core.log.LogFormatUtils [http-nio-8080-exec-8] GET "/fragments/header.html", parameters={}
2024-01-17 08:25:25,062 DEBUG org.springframework.core.log.LogFormatUtils [http-nio-8080-exec-10] GET "/fragments/footer.html", parameters={}
2024-01-17 08:25:25,064 DEBUG org.springframework.web.servlet.handler.AbstractHandlerMapping [http-nio-8080-exec-8] Mapped to ResourceHttpRequestHandler ["classpath:/META-INF/resources/", "classpath:/resources/", "classpath:/static/", "classpath:/public/", "/"]
2024-01-17 08:25:25,064 DEBUG org.springframework.web.servlet.handler.AbstractHandlerMapping [http-nio-8080-exec-10] Mapped to ResourceHttpRequestHandler ["classpath:/META-INF/resources/", "classpath:/resources/", "classpath:/static/", "classpath:/public/", "/"]
2024-01-17 08:25:25,077 DEBUG org.springframework.web.servlet.FrameworkServlet [http-nio-8080-exec-8] Completed 200 OK
2024-01-17 08:25:25,087 DEBUG org.springframework.core.log.LogFormatUtils [http-nio-8080-exec-9] GET "/img/marke.png", parameters={}
2024-01-17 08:25:25,090 DEBUG org.springframework.web.servlet.handler.AbstractHandlerMapping [http-nio-8080-exec-9] Mapped to ResourceHttpRequestHandler ["classpath:/META-INF/resources/", "classpath:/resources/", "classpath:/static/", "classpath:/public/", "/"]
2024-01-17 08:25:25,090 DEBUG org.springframework.web.servlet.FrameworkServlet [http-nio-8080-exec-10] Completed 200 OK
2024-01-17 08:25:25,096 DEBUG org.springframework.web.servlet.FrameworkServlet [http-nio-8080-exec-9] Completed 200 OK
2024-01-17 08:25:29,511 DEBUG org.springframework.core.log.LogFormatUtils [http-nio-8080-exec-1] GET "/", parameters={}
2024-01-17 08:25:29,513 DEBUG org.springframework.web.servlet.view.ContentNegotiatingViewResolver [http-nio-8080-exec-1] Selected 'text/html' given [text/html, application/xhtml+xml, image/avif, image/webp, image/apng, application/xml;q=0.9, application/signed-exchange;v=b3;q=0.7, */*;q=0.8]
2024-01-17 08:25:29,514 DEBUG org.springframework.web.servlet.view.AbstractView [http-nio-8080-exec-1] View [InternalResourceView], model {}
2024-01-17 08:25:29,515 DEBUG org.springframework.web.servlet.view.InternalResourceView [http-nio-8080-exec-1] Forwarding to [index.html]
2024-01-17 08:25:29,516 DEBUG org.springframework.core.log.LogFormatUtils [http-nio-8080-exec-1] "FORWARD" dispatch for GET "/index.html", parameters={}
2024-01-17 08:25:29,518 DEBUG org.springframework.web.servlet.handler.AbstractHandlerMapping [http-nio-8080-exec-1] Mapped to ResourceHttpRequestHandler ["classpath:/META-INF/resources/", "classpath:/resources/", "classpath:/static/", "classpath:/public/", "/"]
2024-01-17 08:25:29,524 DEBUG org.springframework.web.servlet.FrameworkServlet [http-nio-8080-exec-1] Exiting from "FORWARD" dispatch, status 200
2024-01-17 08:25:29,526 DEBUG org.springframework.web.servlet.FrameworkServlet [http-nio-8080-exec-1] Completed 200 OK
2024-01-17 08:25:29,544 DEBUG org.springframework.core.log.LogFormatUtils [http-nio-8080-exec-4] GET "/img/garten.png", parameters={}
2024-01-17 08:25:29,545 DEBUG org.springframework.core.log.LogFormatUtils [http-nio-8080-exec-2] GET "/img/aussicht.png", parameters={}
2024-01-17 08:25:29,544 DEBUG org.springframework.core.log.LogFormatUtils [http-nio-8080-exec-3] GET "/css/pr_bbw.css", parameters={}
2024-01-17 08:25:29,547 DEBUG org.springframework.web.servlet.handler.AbstractHandlerMapping [http-nio-8080-exec-4] Mapped to ResourceHttpRequestHandler ["classpath:/META-INF/resources/", "classpath:/resources/", "classpath:/static/", "classpath:/public/", "/"]
2024-01-17 08:25:29,547 DEBUG org.springframework.web.servlet.handler.AbstractHandlerMapping [http-nio-8080-exec-2] Mapped to ResourceHttpRequestHandler ["classpath:/META-INF/resources/", "classpath:/resources/", "classpath:/static/", "classpath:/public/", "/"]
2024-01-17 08:25:29,547 DEBUG org.springframework.web.servlet.handler.AbstractHandlerMapping [http-nio-8080-exec-3] Mapped to ResourceHttpRequestHandler ["classpath:/META-INF/resources/", "classpath:/resources/", "classpath:/static/", "classpath:/public/", "/"]
2024-01-17 08:25:29,552 DEBUG org.springframework.web.servlet.FrameworkServlet [http-nio-8080-exec-4] Completed 200 OK
2024-01-17 08:25:29,553 DEBUG org.springframework.web.servlet.FrameworkServlet [http-nio-8080-exec-2] Completed 200 OK
2024-01-17 08:25:29,553 DEBUG org.springframework.web.servlet.FrameworkServlet [http-nio-8080-exec-3] Completed 200 OK
2024-01-17 08:25:29,556 DEBUG org.springframework.core.log.LogFormatUtils [http-nio-8080-exec-7] GET "/img/gastfreundschaft.png", parameters={}
2024-01-17 08:25:29,558 DEBUG org.springframework.web.servlet.handler.AbstractHandlerMapping [http-nio-8080-exec-7] Mapped to ResourceHttpRequestHandler ["classpath:/META-INF/resources/", "classpath:/resources/", "classpath:/static/", "classpath:/public/", "/"]
2024-01-17 08:25:29,564 DEBUG org.springframework.core.log.LogFormatUtils [http-nio-8080-exec-6] GET "/img/mahlzeit.png", parameters={}
2024-01-17 08:25:29,568 DEBUG org.springframework.core.log.LogFormatUtils [http-nio-8080-exec-5] GET "/img/wifi-signal.png", parameters={}
2024-01-17 08:25:29,569 DEBUG org.springframework.web.servlet.FrameworkServlet [http-nio-8080-exec-7] Completed 200 OK
2024-01-17 08:25:29,572 DEBUG org.springframework.web.servlet.handler.AbstractHandlerMapping [http-nio-8080-exec-6] Mapped to ResourceHttpRequestHandler ["classpath:/META-INF/resources/", "classpath:/resources/", "classpath:/static/", "classpath:/public/", "/"]
2024-01-17 08:25:29,576 DEBUG org.springframework.web.servlet.handler.AbstractHandlerMapping [http-nio-8080-exec-5] Mapped to ResourceHttpRequestHandler ["classpath:/META-INF/resources/", "classpath:/resources/", "classpath:/static/", "classpath:/public/", "/"]
2024-01-17 08:25:29,579 DEBUG org.springframework.web.servlet.FrameworkServlet [http-nio-8080-exec-6] Completed 200 OK
2024-01-17 08:25:29,588 DEBUG org.springframework.web.servlet.FrameworkServlet [http-nio-8080-exec-5] Completed 200 OK
2024-01-17 08:25:29,594 DEBUG org.springframework.core.log.LogFormatUtils [http-nio-8080-exec-5] GET "/fragments/header.html", parameters={}
2024-01-17 08:25:29,595 DEBUG org.springframework.core.log.LogFormatUtils [http-nio-8080-exec-8] GET "/fragments/footer.html", parameters={}
2024-01-17 08:25:29,597 DEBUG org.springframework.web.servlet.handler.AbstractHandlerMapping [http-nio-8080-exec-5] Mapped to ResourceHttpRequestHandler ["classpath:/META-INF/resources/", "classpath:/resources/", "classpath:/static/", "classpath:/public/", "/"]
2024-01-17 08:25:29,604 DEBUG org.springframework.web.servlet.handler.AbstractHandlerMapping [http-nio-8080-exec-8] Mapped to ResourceHttpRequestHandler ["classpath:/META-INF/resources/", "classpath:/resources/", "classpath:/static/", "classpath:/public/", "/"]
2024-01-17 08:25:29,609 DEBUG org.springframework.web.servlet.FrameworkServlet [http-nio-8080-exec-5] Completed 200 OK
2024-01-17 08:25:29,609 DEBUG org.springframework.web.servlet.FrameworkServlet [http-nio-8080-exec-8] Completed 200 OK
2024-01-17 08:25:29,614 DEBUG org.springframework.core.log.LogFormatUtils [http-nio-8080-exec-10] GET "/img/marke.png", parameters={}
2024-01-17 08:25:29,618 DEBUG org.springframework.web.servlet.handler.AbstractHandlerMapping [http-nio-8080-exec-10] Mapped to ResourceHttpRequestHandler ["classpath:/META-INF/resources/", "classpath:/resources/", "classpath:/static/", "classpath:/public/", "/"]
2024-01-17 08:25:29,624 DEBUG org.springframework.web.servlet.FrameworkServlet [http-nio-8080-exec-10] Completed 200 OK
2024-01-17 08:26:23,671 DEBUG org.springframework.core.log.LogFormatUtils [http-nio-8080-exec-2] GET "/", parameters={}
2024-01-17 08:26:23,676 DEBUG org.springframework.web.servlet.view.ContentNegotiatingViewResolver [http-nio-8080-exec-2] Selected 'text/html' given [text/html, application/xhtml+xml, image/avif, image/webp, image/apng, application/xml;q=0.9, application/signed-exchange;v=b3;q=0.7, */*;q=0.8]
2024-01-17 08:26:23,678 DEBUG org.springframework.web.servlet.view.AbstractView [http-nio-8080-exec-2] View [InternalResourceView], model {}
2024-01-17 08:26:23,679 DEBUG org.springframework.web.servlet.view.InternalResourceView [http-nio-8080-exec-2] Forwarding to [index.html]
2024-01-17 08:26:23,681 DEBUG org.springframework.core.log.LogFormatUtils [http-nio-8080-exec-2] "FORWARD" dispatch for GET "/index.html", parameters={}
2024-01-17 08:26:23,684 DEBUG org.springframework.web.servlet.handler.AbstractHandlerMapping [http-nio-8080-exec-2] Mapped to ResourceHttpRequestHandler ["classpath:/META-INF/resources/", "classpath:/resources/", "classpath:/static/", "classpath:/public/", "/"]
2024-01-17 08:26:23,693 DEBUG org.springframework.web.servlet.FrameworkServlet [http-nio-8080-exec-2] Exiting from "FORWARD" dispatch, status 200
2024-01-17 08:26:23,696 DEBUG org.springframework.web.servlet.FrameworkServlet [http-nio-8080-exec-2] Completed 200 OK
2024-01-17 08:26:23,718 DEBUG org.springframework.core.log.LogFormatUtils [http-nio-8080-exec-3] GET "/css/pr_bbw.css", parameters={}
2024-01-17 08:26:23,719 DEBUG org.springframework.core.log.LogFormatUtils [http-nio-8080-exec-7] GET "/img/aussicht.png", parameters={}
2024-01-17 08:26:23,719 DEBUG org.springframework.web.servlet.handler.AbstractHandlerMapping [http-nio-8080-exec-3] Mapped to ResourceHttpRequestHandler ["classpath:/META-INF/resources/", "classpath:/resources/", "classpath:/static/", "classpath:/public/", "/"]
2024-01-17 08:26:23,721 DEBUG org.springframework.core.log.LogFormatUtils [http-nio-8080-exec-6] GET "/img/garten.png", parameters={}
2024-01-17 08:26:23,723 DEBUG org.springframework.web.servlet.handler.AbstractHandlerMapping [http-nio-8080-exec-7] Mapped to ResourceHttpRequestHandler ["classpath:/META-INF/resources/", "classpath:/resources/", "classpath:/static/", "classpath:/public/", "/"]
2024-01-17 08:26:23,725 DEBUG org.springframework.web.servlet.handler.AbstractHandlerMapping [http-nio-8080-exec-6] Mapped to ResourceHttpRequestHandler ["classpath:/META-INF/resources/", "classpath:/resources/", "classpath:/static/", "classpath:/public/", "/"]
2024-01-17 08:26:23,731 DEBUG org.springframework.web.servlet.FrameworkServlet [http-nio-8080-exec-3] Completed 200 OK
2024-01-17 08:26:23,734 DEBUG org.springframework.web.servlet.FrameworkServlet [http-nio-8080-exec-7] Completed 200 OK
2024-01-17 08:26:23,735 DEBUG org.springframework.web.servlet.FrameworkServlet [http-nio-8080-exec-6] Completed 200 OK
2024-01-17 08:26:23,743 DEBUG org.springframework.core.log.LogFormatUtils [http-nio-8080-exec-8] GET "/img/mahlzeit.png", parameters={}
2024-01-17 08:26:23,743 DEBUG org.springframework.core.log.LogFormatUtils [http-nio-8080-exec-5] GET "/img/gastfreundschaft.png", parameters={}
2024-01-17 08:26:23,746 DEBUG org.springframework.web.servlet.handler.AbstractHandlerMapping [http-nio-8080-exec-8] Mapped to ResourceHttpRequestHandler ["classpath:/META-INF/resources/", "classpath:/resources/", "classpath:/static/", "classpath:/public/", "/"]
2024-01-17 08:26:23,749 DEBUG org.springframework.core.log.LogFormatUtils [http-nio-8080-exec-10] GET "/img/wifi-signal.png", parameters={}
2024-01-17 08:26:23,760 DEBUG org.springframework.core.log.LogFormatUtils [http-nio-8080-exec-4] GET "/fragments/header.html", parameters={}
2024-01-17 08:26:23,761 DEBUG org.springframework.core.log.LogFormatUtils [http-nio-8080-exec-9] GET "/fragments/footer.html", parameters={}
2024-01-17 08:26:23,769 DEBUG org.springframework.web.servlet.handler.AbstractHandlerMapping [http-nio-8080-exec-10] Mapped to ResourceHttpRequestHandler ["classpath:/META-INF/resources/", "classpath:/resources/", "classpath:/static/", "classpath:/public/", "/"]
2024-01-17 08:26:23,770 DEBUG org.springframework.web.servlet.handler.AbstractHandlerMapping [http-nio-8080-exec-5] Mapped to ResourceHttpRequestHandler ["classpath:/META-INF/resources/", "classpath:/resources/", "classpath:/static/", "classpath:/public/", "/"]
2024-01-17 08:26:23,770 DEBUG org.springframework.web.servlet.handler.AbstractHandlerMapping [http-nio-8080-exec-4] Mapped to ResourceHttpRequestHandler ["classpath:/META-INF/resources/", "classpath:/resources/", "classpath:/static/", "classpath:/public/", "/"]
2024-01-17 08:26:23,772 DEBUG org.springframework.web.servlet.handler.AbstractHandlerMapping [http-nio-8080-exec-9] Mapped to ResourceHttpRequestHandler ["classpath:/META-INF/resources/", "classpath:/resources/", "classpath:/static/", "classpath:/public/", "/"]
2024-01-17 08:26:23,774 DEBUG org.springframework.web.servlet.FrameworkServlet [http-nio-8080-exec-10] Completed 200 OK
2024-01-17 08:26:23,785 DEBUG org.springframework.web.servlet.FrameworkServlet [http-nio-8080-exec-8] Completed 200 OK
2024-01-17 08:26:23,800 DEBUG org.springframework.web.servlet.FrameworkServlet [http-nio-8080-exec-4] Completed 200 OK
2024-01-17 08:26:23,805 DEBUG org.springframework.web.servlet.FrameworkServlet [http-nio-8080-exec-5] Completed 200 OK
2024-01-17 08:26:23,821 DEBUG org.springframework.core.log.LogFormatUtils [http-nio-8080-exec-1] GET "/img/marke.png", parameters={}
2024-01-17 08:26:23,823 DEBUG org.springframework.web.servlet.handler.AbstractHandlerMapping [http-nio-8080-exec-1] Mapped to ResourceHttpRequestHandler ["classpath:/META-INF/resources/", "classpath:/resources/", "classpath:/static/", "classpath:/public/", "/"]
2024-01-17 08:26:23,832 DEBUG org.springframework.web.servlet.FrameworkServlet [http-nio-8080-exec-1] Completed 200 OK
2024-01-17 08:26:23,846 DEBUG org.springframework.web.servlet.FrameworkServlet [http-nio-8080-exec-9] Completed 200 OK
2024-01-17 08:26:26,607 DEBUG org.springframework.core.log.LogFormatUtils [http-nio-8080-exec-2] GET "/unterkunft.html", parameters={}
2024-01-17 08:26:26,609 DEBUG org.springframework.web.servlet.handler.AbstractHandlerMapping [http-nio-8080-exec-2] Mapped to ResourceHttpRequestHandler ["classpath:/META-INF/resources/", "classpath:/resources/", "classpath:/static/", "classpath:/public/", "/"]
2024-01-17 08:26:26,656 DEBUG org.springframework.web.servlet.FrameworkServlet [http-nio-8080-exec-2] Completed 200 OK
2024-01-17 08:26:26,673 DEBUG org.springframework.core.log.LogFormatUtils [http-nio-8080-exec-3] GET "/css/pr_bbw.css", parameters={}
2024-01-17 08:26:26,673 DEBUG org.springframework.core.log.LogFormatUtils [http-nio-8080-exec-7] GET "/img/zimmer.jpg", parameters={}
2024-01-17 08:26:26,677 DEBUG org.springframework.web.servlet.handler.AbstractHandlerMapping [http-nio-8080-exec-3] Mapped to ResourceHttpRequestHandler ["classpath:/META-INF/resources/", "classpath:/resources/", "classpath:/static/", "classpath:/public/", "/"]
2024-01-17 08:26:26,676 DEBUG org.springframework.core.log.LogFormatUtils [http-nio-8080-exec-6] GET "/img/kueche_wohnraum1.jpg", parameters={}
2024-01-17 08:26:26,677 DEBUG org.springframework.web.servlet.handler.AbstractHandlerMapping [http-nio-8080-exec-7] Mapped to ResourceHttpRequestHandler ["classpath:/META-INF/resources/", "classpath:/resources/", "classpath:/static/", "classpath:/public/", "/"]
2024-01-17 08:26:26,680 DEBUG org.springframework.web.servlet.handler.AbstractHandlerMapping [http-nio-8080-exec-6] Mapped to ResourceHttpRequestHandler ["classpath:/META-INF/resources/", "classpath:/resources/", "classpath:/static/", "classpath:/public/", "/"]
2024-01-17 08:26:26,684 DEBUG org.springframework.web.servlet.FrameworkServlet [http-nio-8080-exec-3] Completed 200 OK
2024-01-17 08:26:26,699 DEBUG org.springframework.web.servlet.FrameworkServlet [http-nio-8080-exec-6] Completed 200 OK
2024-01-17 08:26:26,699 DEBUG org.springframework.web.servlet.FrameworkServlet [http-nio-8080-exec-7] Completed 200 OK
2024-01-17 08:26:26,702 DEBUG org.springframework.core.log.LogFormatUtils [http-nio-8080-exec-7] GET "/img/badezimmer.jpg", parameters={}
2024-01-17 08:26:26,703 DEBUG org.springframework.core.log.LogFormatUtils [http-nio-8080-exec-10] GET "/img/fernseher.jpg", parameters={}
2024-01-17 08:26:26,704 DEBUG org.springframework.web.servlet.handler.AbstractHandlerMapping [http-nio-8080-exec-7] Mapped to ResourceHttpRequestHandler ["classpath:/META-INF/resources/", "classpath:/resources/", "classpath:/static/", "classpath:/public/", "/"]
2024-01-17 08:26:26,706 DEBUG org.springframework.web.servlet.handler.AbstractHandlerMapping [http-nio-8080-exec-10] Mapped to ResourceHttpRequestHandler ["classpath:/META-INF/resources/", "classpath:/resources/", "classpath:/static/", "classpath:/public/", "/"]
2024-01-17 08:26:26,726 DEBUG org.springframework.web.servlet.FrameworkServlet [http-nio-8080-exec-7] Completed 200 OK
2024-01-17 08:26:26,730 DEBUG org.springframework.core.log.LogFormatUtils [http-nio-8080-exec-8] GET "/fragments/footer.html", parameters={}
2024-01-17 08:26:26,732 DEBUG org.springframework.core.log.LogFormatUtils [http-nio-8080-exec-7] GET "/fragments/header.html", parameters={}
2024-01-17 08:26:26,732 DEBUG org.springframework.web.servlet.FrameworkServlet [http-nio-8080-exec-10] Completed 200 OK
2024-01-17 08:26:26,734 DEBUG org.springframework.web.servlet.handler.AbstractHandlerMapping [http-nio-8080-exec-7] Mapped to ResourceHttpRequestHandler ["classpath:/META-INF/resources/", "classpath:/resources/", "classpath:/static/", "classpath:/public/", "/"]
2024-01-17 08:26:26,735 DEBUG org.springframework.web.servlet.handler.AbstractHandlerMapping [http-nio-8080-exec-8] Mapped to ResourceHttpRequestHandler ["classpath:/META-INF/resources/", "classpath:/resources/", "classpath:/static/", "classpath:/public/", "/"]
2024-01-17 08:26:26,738 DEBUG org.springframework.web.servlet.FrameworkServlet [http-nio-8080-exec-7] Completed 200 OK
2024-01-17 08:26:26,744 DEBUG org.springframework.web.servlet.FrameworkServlet [http-nio-8080-exec-8] Completed 200 OK
2024-01-17 08:26:26,762 DEBUG org.springframework.core.log.LogFormatUtils [http-nio-8080-exec-4] GET "/img/marke.png", parameters={}
2024-01-17 08:26:26,767 DEBUG org.springframework.web.servlet.handler.AbstractHandlerMapping [http-nio-8080-exec-4] Mapped to ResourceHttpRequestHandler ["classpath:/META-INF/resources/", "classpath:/resources/", "classpath:/static/", "classpath:/public/", "/"]
2024-01-17 08:26:26,771 DEBUG org.springframework.web.servlet.FrameworkServlet [http-nio-8080-exec-4] Completed 200 OK
2024-01-17 08:26:29,808 DEBUG org.springframework.core.log.LogFormatUtils [http-nio-8080-exec-9] GET "/login", parameters={}
2024-01-17 08:26:29,813 DEBUG org.springframework.web.servlet.handler.AbstractHandlerMapping [http-nio-8080-exec-9] Mapped to ch.bbw.pr.sospri.LoginLogoutController#login()
2024-01-17 08:26:29,827 INFO ch.bbw.pr.sospri.LoginLogoutController [http-nio-8080-exec-9] Erfolgreich eingeloggt {}
2024-01-17 08:26:29,829 ERROR ch.bbw.pr.sospri.LoginLogoutController [http-nio-8080-exec-9] Error beim login
2024-01-17 08:26:29,837 DEBUG org.springframework.web.servlet.view.ContentNegotiatingViewResolver [http-nio-8080-exec-9] Selected 'text/html' given [text/html, application/xhtml+xml, image/avif, image/webp, image/apng, application/xml;q=0.9, application/signed-exchange;v=b3;q=0.7, */*;q=0.8]
2024-01-17 08:26:30,322 DEBUG org.springframework.web.servlet.FrameworkServlet [http-nio-8080-exec-9] Completed 200 OK
2024-01-17 08:26:30,351 DEBUG org.springframework.core.log.LogFormatUtils [http-nio-8080-exec-1] GET "/css/pr_bbw.css", parameters={}
2024-01-17 08:26:30,353 DEBUG org.springframework.web.servlet.handler.AbstractHandlerMapping [http-nio-8080-exec-1] Mapped to ResourceHttpRequestHandler ["classpath:/META-INF/resources/", "classpath:/resources/", "classpath:/static/", "classpath:/public/", "/"]
2024-01-17 08:26:30,360 DEBUG org.springframework.web.servlet.FrameworkServlet [http-nio-8080-exec-1] Completed 200 OK
2024-01-17 08:26:30,501 DEBUG org.springframework.core.log.LogFormatUtils [http-nio-8080-exec-3] GET "/fragments/footer.html", parameters={}
2024-01-17 08:26:30,501 DEBUG org.springframework.core.log.LogFormatUtils [http-nio-8080-exec-2] GET "/fragments/header.html", parameters={}
2024-01-17 08:26:30,503 DEBUG org.springframework.web.servlet.handler.AbstractHandlerMapping [http-nio-8080-exec-3] Mapped to ResourceHttpRequestHandler ["classpath:/META-INF/resources/", "classpath:/resources/", "classpath:/static/", "classpath:/public/", "/"]
2024-01-17 08:26:30,503 DEBUG org.springframework.web.servlet.handler.AbstractHandlerMapping [http-nio-8080-exec-2] Mapped to ResourceHttpRequestHandler ["classpath:/META-INF/resources/", "classpath:/resources/", "classpath:/static/", "classpath:/public/", "/"]
2024-01-17 08:26:30,508 DEBUG org.springframework.web.servlet.FrameworkServlet [http-nio-8080-exec-3] Completed 200 OK
2024-01-17 08:26:30,509 DEBUG org.springframework.web.servlet.FrameworkServlet [http-nio-8080-exec-2] Completed 200 OK
2024-01-17 08:26:30,517 DEBUG org.springframework.core.log.LogFormatUtils [http-nio-8080-exec-6] GET "/img/marke.png", parameters={}
2024-01-17 08:26:30,519 DEBUG org.springframework.web.servlet.handler.AbstractHandlerMapping [http-nio-8080-exec-6] Mapped to ResourceHttpRequestHandler ["classpath:/META-INF/resources/", "classpath:/resources/", "classpath:/static/", "classpath:/public/", "/"]
2024-01-17 08:26:30,525 DEBUG org.springframework.web.servlet.FrameworkServlet [http-nio-8080-exec-6] Completed 200 OK
2024-01-17 08:26:32,925 DEBUG org.springframework.core.log.LogFormatUtils [http-nio-8080-exec-7] GET "/login", parameters={}
2024-01-17 08:26:32,928 DEBUG org.springframework.web.servlet.handler.AbstractHandlerMapping [http-nio-8080-exec-7] Mapped to ch.bbw.pr.sospri.LoginLogoutController#login()
2024-01-17 08:26:32,929 INFO ch.bbw.pr.sospri.LoginLogoutController [http-nio-8080-exec-7] Erfolgreich eingeloggt {}
2024-01-17 08:26:32,930 ERROR ch.bbw.pr.sospri.LoginLogoutController [http-nio-8080-exec-7] Error beim login
2024-01-17 08:26:32,932 DEBUG org.springframework.web.servlet.view.ContentNegotiatingViewResolver [http-nio-8080-exec-7] Selected 'text/html' given [text/html, application/xhtml+xml, image/avif, image/webp, image/apng, application/xml;q=0.9, application/signed-exchange;v=b3;q=0.7, */*;q=0.8]
2024-01-17 08:26:32,941 DEBUG org.springframework.web.servlet.FrameworkServlet [http-nio-8080-exec-7] Completed 200 OK
2024-01-17 08:26:32,960 DEBUG org.springframework.core.log.LogFormatUtils [http-nio-8080-exec-8] GET "/css/pr_bbw.css", parameters={}
2024-01-17 08:26:32,964 DEBUG org.springframework.web.servlet.handler.AbstractHandlerMapping [http-nio-8080-exec-8] Mapped to ResourceHttpRequestHandler ["classpath:/META-INF/resources/", "classpath:/resources/", "classpath:/static/", "classpath:/public/", "/"]
2024-01-17 08:26:32,969 DEBUG org.springframework.web.servlet.FrameworkServlet [http-nio-8080-exec-8] Completed 200 OK
2024-01-17 08:26:32,997 DEBUG org.springframework.core.log.LogFormatUtils [http-nio-8080-exec-4] GET "/fragments/header.html", parameters={}
2024-01-17 08:26:32,997 DEBUG org.springframework.core.log.LogFormatUtils [http-nio-8080-exec-5] GET "/fragments/footer.html", parameters={}
2024-01-17 08:26:33,000 DEBUG org.springframework.web.servlet.handler.AbstractHandlerMapping [http-nio-8080-exec-5] Mapped to ResourceHttpRequestHandler ["classpath:/META-INF/resources/", "classpath:/resources/", "classpath:/static/", "classpath:/public/", "/"]
2024-01-17 08:26:33,000 DEBUG org.springframework.web.servlet.handler.AbstractHandlerMapping [http-nio-8080-exec-4] Mapped to ResourceHttpRequestHandler ["classpath:/META-INF/resources/", "classpath:/resources/", "classpath:/static/", "classpath:/public/", "/"]
2024-01-17 08:26:33,005 DEBUG org.springframework.web.servlet.FrameworkServlet [http-nio-8080-exec-5] Completed 200 OK
2024-01-17 08:26:33,005 DEBUG org.springframework.web.servlet.FrameworkServlet [http-nio-8080-exec-4] Completed 200 OK
2024-01-17 08:26:33,014 DEBUG org.springframework.core.log.LogFormatUtils [http-nio-8080-exec-9] GET "/img/marke.png", parameters={}
2024-01-17 08:26:33,016 DEBUG org.springframework.web.servlet.handler.AbstractHandlerMapping [http-nio-8080-exec-9] Mapped to ResourceHttpRequestHandler ["classpath:/META-INF/resources/", "classpath:/resources/", "classpath:/static/", "classpath:/public/", "/"]
2024-01-17 08:26:33,020 DEBUG org.springframework.web.servlet.FrameworkServlet [http-nio-8080-exec-9] Completed 200 OK
2024-01-17 08:26:51,508 DEBUG org.springframework.core.log.LogFormatUtils [http-nio-8080-exec-1] GET "/login", parameters={}
2024-01-17 08:26:51,510 DEBUG org.springframework.web.servlet.handler.AbstractHandlerMapping [http-nio-8080-exec-1] Mapped to ch.bbw.pr.sospri.LoginLogoutController#login()
2024-01-17 08:26:51,512 INFO ch.bbw.pr.sospri.LoginLogoutController [http-nio-8080-exec-1] Erfolgreich eingeloggt {}
2024-01-17 08:26:51,514 ERROR ch.bbw.pr.sospri.LoginLogoutController [http-nio-8080-exec-1] Error beim login
2024-01-17 08:26:51,515 DEBUG org.springframework.web.servlet.view.ContentNegotiatingViewResolver [http-nio-8080-exec-1] Selected 'text/html' given [text/html, application/xhtml+xml, image/avif, image/webp, image/apng, application/xml;q=0.9, application/signed-exchange;v=b3;q=0.7, */*;q=0.8]
2024-01-17 08:26:51,524 DEBUG org.springframework.web.servlet.FrameworkServlet [http-nio-8080-exec-1] Completed 200 OK
2024-01-17 08:26:51,539 DEBUG org.springframework.core.log.LogFormatUtils [http-nio-8080-exec-3] GET "/css/pr_bbw.css", parameters={}
2024-01-17 08:26:51,541 DEBUG org.springframework.web.servlet.handler.AbstractHandlerMapping [http-nio-8080-exec-3] Mapped to ResourceHttpRequestHandler ["classpath:/META-INF/resources/", "classpath:/resources/", "classpath:/static/", "classpath:/public/", "/"]
2024-01-17 08:26:51,547 DEBUG org.springframework.web.servlet.FrameworkServlet [http-nio-8080-exec-3] Completed 200 OK
2024-01-17 08:26:51,576 DEBUG org.springframework.core.log.LogFormatUtils [http-nio-8080-exec-2] GET "/fragments/header.html", parameters={}
2024-01-17 08:26:51,577 DEBUG org.springframework.core.log.LogFormatUtils [http-nio-8080-exec-6] GET "/fragments/footer.html", parameters={}
2024-01-17 08:26:51,577 DEBUG org.springframework.web.servlet.handler.AbstractHandlerMapping [http-nio-8080-exec-2] Mapped to ResourceHttpRequestHandler ["classpath:/META-INF/resources/", "classpath:/resources/", "classpath:/static/", "classpath:/public/", "/"]
2024-01-17 08:26:51,579 DEBUG org.springframework.web.servlet.handler.AbstractHandlerMapping [http-nio-8080-exec-6] Mapped to ResourceHttpRequestHandler ["classpath:/META-INF/resources/", "classpath:/resources/", "classpath:/static/", "classpath:/public/", "/"]
2024-01-17 08:26:51,583 DEBUG org.springframework.web.servlet.FrameworkServlet [http-nio-8080-exec-6] Completed 200 OK
2024-01-17 08:26:51,584 DEBUG org.springframework.web.servlet.FrameworkServlet [http-nio-8080-exec-2] Completed 200 OK
2024-01-17 08:26:51,590 DEBUG org.springframework.core.log.LogFormatUtils [http-nio-8080-exec-10] GET "/img/marke.png", parameters={}
2024-01-17 08:26:51,592 DEBUG org.springframework.web.servlet.handler.AbstractHandlerMapping [http-nio-8080-exec-10] Mapped to ResourceHttpRequestHandler ["classpath:/META-INF/resources/", "classpath:/resources/", "classpath:/static/", "classpath:/public/", "/"]
2024-01-17 08:26:51,597 DEBUG org.springframework.web.servlet.FrameworkServlet [http-nio-8080-exec-10] Completed 200 OK
2024-01-17 08:27:00,411 DEBUG org.springframework.core.log.LogFormatUtils [http-nio-8080-exec-7] GET "/index.html", parameters={}
2024-01-17 08:27:00,414 DEBUG org.springframework.web.servlet.handler.AbstractHandlerMapping [http-nio-8080-exec-7] Mapped to ResourceHttpRequestHandler ["classpath:/META-INF/resources/", "classpath:/resources/", "classpath:/static/", "classpath:/public/", "/"]
2024-01-17 08:27:00,418 DEBUG org.springframework.web.servlet.FrameworkServlet [http-nio-8080-exec-7] Completed 200 OK
2024-01-17 08:27:00,434 DEBUG org.springframework.core.log.LogFormatUtils [http-nio-8080-exec-8] GET "/css/pr_bbw.css", parameters={}
2024-01-17 08:27:00,436 DEBUG org.springframework.core.log.LogFormatUtils [http-nio-8080-exec-4] GET "/img/garten.png", parameters={}
2024-01-17 08:27:00,438 DEBUG org.springframework.core.log.LogFormatUtils [http-nio-8080-exec-5] GET "/img/aussicht.png", parameters={}
2024-01-17 08:27:00,438 DEBUG org.springframework.web.servlet.handler.AbstractHandlerMapping [http-nio-8080-exec-8] Mapped to ResourceHttpRequestHandler ["classpath:/META-INF/resources/", "classpath:/resources/", "classpath:/static/", "classpath:/public/", "/"]
2024-01-17 08:27:00,439 DEBUG org.springframework.web.servlet.handler.AbstractHandlerMapping [http-nio-8080-exec-4] Mapped to ResourceHttpRequestHandler ["classpath:/META-INF/resources/", "classpath:/resources/", "classpath:/static/", "classpath:/public/", "/"]
2024-01-17 08:27:00,440 DEBUG org.springframework.web.servlet.handler.AbstractHandlerMapping [http-nio-8080-exec-5] Mapped to ResourceHttpRequestHandler ["classpath:/META-INF/resources/", "classpath:/resources/", "classpath:/static/", "classpath:/public/", "/"]
2024-01-17 08:27:00,444 DEBUG org.springframework.web.servlet.FrameworkServlet [http-nio-8080-exec-8] Completed 200 OK
2024-01-17 08:27:00,447 DEBUG org.springframework.web.servlet.FrameworkServlet [http-nio-8080-exec-4] Completed 200 OK
2024-01-17 08:27:00,447 DEBUG org.springframework.web.servlet.FrameworkServlet [http-nio-8080-exec-5] Completed 200 OK
2024-01-17 08:27:00,455 DEBUG org.springframework.core.log.LogFormatUtils [http-nio-8080-exec-9] GET "/img/gastfreundschaft.png", parameters={}
2024-01-17 08:27:00,456 DEBUG org.springframework.core.log.LogFormatUtils [http-nio-8080-exec-1] GET "/img/mahlzeit.png", parameters={}
2024-01-17 08:27:00,458 DEBUG org.springframework.web.servlet.handler.AbstractHandlerMapping [http-nio-8080-exec-9] Mapped to ResourceHttpRequestHandler ["classpath:/META-INF/resources/", "classpath:/resources/", "classpath:/static/", "classpath:/public/", "/"]
2024-01-17 08:27:00,459 DEBUG org.springframework.web.servlet.handler.AbstractHandlerMapping [http-nio-8080-exec-1] Mapped to ResourceHttpRequestHandler ["classpath:/META-INF/resources/", "classpath:/resources/", "classpath:/static/", "classpath:/public/", "/"]
2024-01-17 08:27:00,459 DEBUG org.springframework.core.log.LogFormatUtils [http-nio-8080-exec-3] GET "/img/wifi-signal.png", parameters={}
2024-01-17 08:27:00,461 DEBUG org.springframework.web.servlet.handler.AbstractHandlerMapping [http-nio-8080-exec-3] Mapped to ResourceHttpRequestHandler ["classpath:/META-INF/resources/", "classpath:/resources/", "classpath:/static/", "classpath:/public/", "/"]
2024-01-17 08:27:00,464 DEBUG org.springframework.web.servlet.FrameworkServlet [http-nio-8080-exec-9] Completed 200 OK
2024-01-17 08:27:00,466 DEBUG org.springframework.web.servlet.FrameworkServlet [http-nio-8080-exec-3] Completed 200 OK
2024-01-17 08:27:00,467 DEBUG org.springframework.core.log.LogFormatUtils [http-nio-8080-exec-6] GET "/fragments/footer.html", parameters={}
2024-01-17 08:27:00,468 DEBUG org.springframework.core.log.LogFormatUtils [http-nio-8080-exec-9] GET "/fragments/header.html", parameters={}
2024-01-17 08:27:00,469 DEBUG org.springframework.web.servlet.handler.AbstractHandlerMapping [http-nio-8080-exec-6] Mapped to ResourceHttpRequestHandler ["classpath:/META-INF/resources/", "classpath:/resources/", "classpath:/static/", "classpath:/public/", "/"]
2024-01-17 08:27:00,469 DEBUG org.springframework.web.servlet.handler.AbstractHandlerMapping [http-nio-8080-exec-9] Mapped to ResourceHttpRequestHandler ["classpath:/META-INF/resources/", "classpath:/resources/", "classpath:/static/", "classpath:/public/", "/"]
2024-01-17 08:27:00,472 DEBUG org.springframework.web.servlet.FrameworkServlet [http-nio-8080-exec-1] Completed 200 OK
2024-01-17 08:27:00,484 DEBUG org.springframework.web.servlet.FrameworkServlet [http-nio-8080-exec-6] Completed 200 OK
2024-01-17 08:27:00,485 DEBUG org.springframework.web.servlet.FrameworkServlet [http-nio-8080-exec-9] Completed 200 OK
2024-01-17 08:27:00,492 DEBUG org.springframework.core.log.LogFormatUtils [http-nio-8080-exec-2] GET "/img/marke.png", parameters={}
2024-01-17 08:27:00,495 DEBUG org.springframework.web.servlet.handler.AbstractHandlerMapping [http-nio-8080-exec-2] Mapped to ResourceHttpRequestHandler ["classpath:/META-INF/resources/", "classpath:/resources/", "classpath:/static/", "classpath:/public/", "/"]
2024-01-17 08:27:00,501 DEBUG org.springframework.web.servlet.FrameworkServlet [http-nio-8080-exec-2] Completed 200 OK
2024-01-17 08:27:03,599 DEBUG org.springframework.core.log.LogFormatUtils [http-nio-8080-exec-10] GET "/ausflugtipps.html", parameters={}
2024-01-17 08:27:03,601 DEBUG org.springframework.web.servlet.handler.AbstractHandlerMapping [http-nio-8080-exec-10] Mapped to ResourceHttpRequestHandler ["classpath:/META-INF/resources/", "classpath:/resources/", "classpath:/static/", "classpath:/public/", "/"]
2024-01-17 08:27:03,608 DEBUG org.springframework.web.servlet.FrameworkServlet [http-nio-8080-exec-10] Completed 200 OK
2024-01-17 08:27:03,625 DEBUG org.springframework.core.log.LogFormatUtils [http-nio-8080-exec-7] GET "/css/pr_bbw.css", parameters={}
2024-01-17 08:27:03,626 DEBUG org.springframework.web.servlet.handler.AbstractHandlerMapping [http-nio-8080-exec-7] Mapped to ResourceHttpRequestHandler ["classpath:/META-INF/resources/", "classpath:/resources/", "classpath:/static/", "classpath:/public/", "/"]
2024-01-17 08:27:03,631 DEBUG org.springframework.core.log.LogFormatUtils [http-nio-8080-exec-4] GET "/img/tuktuk.jpg", parameters={}
2024-01-17 08:27:03,631 DEBUG org.springframework.core.log.LogFormatUtils [http-nio-8080-exec-8] GET "/img/lindt.jpg", parameters={}
2024-01-17 08:27:03,633 DEBUG org.springframework.web.servlet.handler.AbstractHandlerMapping [http-nio-8080-exec-8] Mapped to ResourceHttpRequestHandler ["classpath:/META-INF/resources/", "classpath:/resources/", "classpath:/static/", "classpath:/public/", "/"]
2024-01-17 08:27:03,633 DEBUG org.springframework.web.servlet.handler.AbstractHandlerMapping [http-nio-8080-exec-4] Mapped to ResourceHttpRequestHandler ["classpath:/META-INF/resources/", "classpath:/resources/", "classpath:/static/", "classpath:/public/", "/"]
2024-01-17 08:27:03,634 DEBUG org.springframework.web.servlet.FrameworkServlet [http-nio-8080-exec-7] Completed 200 OK
2024-01-17 08:27:03,639 DEBUG org.springframework.web.servlet.resource.ResourceHttpRequestHandler [http-nio-8080-exec-8] Resource not found
2024-01-17 08:27:03,642 DEBUG org.springframework.web.servlet.FrameworkServlet [http-nio-8080-exec-8] Completed 404 NOT_FOUND
2024-01-17 08:27:03,643 DEBUG org.springframework.web.servlet.resource.ResourceHttpRequestHandler [http-nio-8080-exec-4] Resource not found
2024-01-17 08:27:03,643 DEBUG org.springframework.core.log.LogFormatUtils [http-nio-8080-exec-8] "ERROR" dispatch for GET "/error", parameters={}
2024-01-17 08:27:03,648 DEBUG org.springframework.core.log.LogFormatUtils [http-nio-8080-exec-5] GET "/img/boot.jpg", parameters={}
2024-01-17 08:27:03,650 DEBUG org.springframework.web.servlet.handler.AbstractHandlerMapping [http-nio-8080-exec-5] Mapped to ResourceHttpRequestHandler ["classpath:/META-INF/resources/", "classpath:/resources/", "classpath:/static/", "classpath:/public/", "/"]
2024-01-17 08:27:03,650 DEBUG org.springframework.web.servlet.handler.AbstractHandlerMapping [http-nio-8080-exec-8] Mapped to org.springframework.boot.autoconfigure.web.servlet.error.BasicErrorController#error(HttpServletRequest)
2024-01-17 08:27:03,650 DEBUG org.springframework.web.servlet.FrameworkServlet [http-nio-8080-exec-4] Completed 404 NOT_FOUND
2024-01-17 08:27:03,654 DEBUG org.springframework.web.servlet.resource.ResourceHttpRequestHandler [http-nio-8080-exec-5] Resource not found
2024-01-17 08:27:03,657 DEBUG org.springframework.web.servlet.FrameworkServlet [http-nio-8080-exec-5] Completed 404 NOT_FOUND
2024-01-17 08:27:03,660 DEBUG org.springframework.core.log.LogFormatUtils [http-nio-8080-exec-5] "ERROR" dispatch for GET "/error", parameters={}
2024-01-17 08:27:03,662 DEBUG org.springframework.core.log.LogFormatUtils [http-nio-8080-exec-4] "ERROR" dispatch for GET "/error", parameters={}
2024-01-17 08:27:03,663 DEBUG org.springframework.web.servlet.handler.AbstractHandlerMapping [http-nio-8080-exec-5] Mapped to org.springframework.boot.autoconfigure.web.servlet.error.BasicErrorController#error(HttpServletRequest)
2024-01-17 08:27:03,663 DEBUG org.springframework.core.log.LogFormatUtils [http-nio-8080-exec-1] GET "/fragments/footer.html", parameters={}
2024-01-17 08:27:03,664 DEBUG org.springframework.core.log.LogFormatUtils [http-nio-8080-exec-3] GET "/fragments/header.html", parameters={}
2024-01-17 08:27:03,664 DEBUG org.springframework.web.servlet.handler.AbstractHandlerMapping [http-nio-8080-exec-4] Mapped to org.springframework.boot.autoconfigure.web.servlet.error.BasicErrorController#error(HttpServletRequest)
2024-01-17 08:27:03,665 DEBUG org.springframework.web.servlet.handler.AbstractHandlerMapping [http-nio-8080-exec-1] Mapped to ResourceHttpRequestHandler ["classpath:/META-INF/resources/", "classpath:/resources/", "classpath:/static/", "classpath:/public/", "/"]
2024-01-17 08:27:03,665 DEBUG org.springframework.web.servlet.handler.AbstractHandlerMapping [http-nio-8080-exec-3] Mapped to ResourceHttpRequestHandler ["classpath:/META-INF/resources/", "classpath:/resources/", "classpath:/static/", "classpath:/public/", "/"]
2024-01-17 08:27:03,672 DEBUG org.springframework.web.servlet.FrameworkServlet [http-nio-8080-exec-3] Completed 200 OK
2024-01-17 08:27:03,672 DEBUG org.springframework.web.servlet.FrameworkServlet [http-nio-8080-exec-1] Completed 200 OK
2024-01-17 08:27:03,678 DEBUG org.springframework.core.log.LogFormatUtils [http-nio-8080-exec-6] GET "/img/marke.png", parameters={}
2024-01-17 08:27:03,680 DEBUG org.springframework.web.servlet.handler.AbstractHandlerMapping [http-nio-8080-exec-6] Mapped to ResourceHttpRequestHandler ["classpath:/META-INF/resources/", "classpath:/resources/", "classpath:/static/", "classpath:/public/", "/"]
2024-01-17 08:27:03,682 DEBUG org.springframework.web.servlet.mvc.method.annotation.AbstractMessageConverterMethodProcessor [http-nio-8080-exec-5] Using 'application/json;q=0.8', given [image/avif, image/webp, image/apng, image/svg+xml, image/*, */*;q=0.8] and supported [application/json, application/*+json, application/json, application/*+json]
2024-01-17 08:27:03,682 DEBUG org.springframework.web.servlet.mvc.method.annotation.AbstractMessageConverterMethodProcessor [http-nio-8080-exec-4] Using 'application/json;q=0.8', given [image/avif, image/webp, image/apng, image/svg+xml, image/*, */*;q=0.8] and supported [application/json, application/*+json, application/json, application/*+json]
2024-01-17 08:27:03,682 DEBUG org.springframework.web.servlet.mvc.method.annotation.AbstractMessageConverterMethodProcessor [http-nio-8080-exec-8] Using 'application/json;q=0.8', given [image/avif, image/webp, image/apng, image/svg+xml, image/*, */*;q=0.8] and supported [application/json, application/*+json, application/json, application/*+json]
2024-01-17 08:27:03,684 DEBUG org.springframework.web.servlet.FrameworkServlet [http-nio-8080-exec-6] Completed 200 OK
2024-01-17 08:27:03,684 DEBUG org.springframework.core.log.LogFormatUtils [http-nio-8080-exec-5] Writing [{timestamp=Wed Jan 17 08:27:03 CET 2024, status=404, error=Not Found, message=No message available,  (truncated)...]
2024-01-17 08:27:03,685 DEBUG org.springframework.core.log.LogFormatUtils [http-nio-8080-exec-4] Writing [{timestamp=Wed Jan 17 08:27:03 CET 2024, status=404, error=Not Found, message=No message available,  (truncated)...]
2024-01-17 08:27:03,685 DEBUG org.springframework.core.log.LogFormatUtils [http-nio-8080-exec-8] Writing [{timestamp=Wed Jan 17 08:27:03 CET 2024, status=404, error=Not Found, message=No message available,  (truncated)...]
2024-01-17 08:27:03,722 DEBUG org.springframework.web.servlet.FrameworkServlet [http-nio-8080-exec-5] Exiting from "ERROR" dispatch, status 404
2024-01-17 08:27:03,722 DEBUG org.springframework.web.servlet.FrameworkServlet [http-nio-8080-exec-4] Exiting from "ERROR" dispatch, status 404
2024-01-17 08:27:03,722 DEBUG org.springframework.web.servlet.FrameworkServlet [http-nio-8080-exec-8] Exiting from "ERROR" dispatch, status 404
2024-01-17 08:28:56,223 DEBUG org.springframework.core.log.LogFormatUtils [http-nio-8080-exec-7] GET "/ausflugtipps.html", parameters={}
2024-01-17 08:28:56,226 DEBUG org.springframework.web.servlet.handler.AbstractHandlerMapping [http-nio-8080-exec-7] Mapped to ResourceHttpRequestHandler ["classpath:/META-INF/resources/", "classpath:/resources/", "classpath:/static/", "classpath:/public/", "/"]
2024-01-17 08:28:56,231 DEBUG org.springframework.web.servlet.FrameworkServlet [http-nio-8080-exec-7] Completed 200 OK
2024-01-17 08:28:56,250 DEBUG org.springframework.core.log.LogFormatUtils [http-nio-8080-exec-1] GET "/css/pr_bbw.css", parameters={}
2024-01-17 08:28:56,250 DEBUG org.springframework.core.log.LogFormatUtils [http-nio-8080-exec-3] GET "/img/lindt.jpg", parameters={}
2024-01-17 08:28:56,252 DEBUG org.springframework.web.servlet.handler.AbstractHandlerMapping [http-nio-8080-exec-3] Mapped to ResourceHttpRequestHandler ["classpath:/META-INF/resources/", "classpath:/resources/", "classpath:/static/", "classpath:/public/", "/"]
2024-01-17 08:28:56,252 DEBUG org.springframework.core.log.LogFormatUtils [http-nio-8080-exec-6] GET "/img/tuktuk.jpg", parameters={}
2024-01-17 08:28:56,252 DEBUG org.springframework.web.servlet.handler.AbstractHandlerMapping [http-nio-8080-exec-1] Mapped to ResourceHttpRequestHandler ["classpath:/META-INF/resources/", "classpath:/resources/", "classpath:/static/", "classpath:/public/", "/"]
2024-01-17 08:28:56,255 DEBUG org.springframework.web.servlet.handler.AbstractHandlerMapping [http-nio-8080-exec-6] Mapped to ResourceHttpRequestHandler ["classpath:/META-INF/resources/", "classpath:/resources/", "classpath:/static/", "classpath:/public/", "/"]
2024-01-17 08:28:56,263 DEBUG org.springframework.web.servlet.FrameworkServlet [http-nio-8080-exec-1] Completed 200 OK
2024-01-17 08:28:56,277 DEBUG org.springframework.web.servlet.FrameworkServlet [http-nio-8080-exec-3] Completed 200 OK
2024-01-17 08:28:56,277 DEBUG org.springframework.core.log.LogFormatUtils [http-nio-8080-exec-5] GET "/img/boot.jpg", parameters={}
2024-01-17 08:28:56,284 DEBUG org.springframework.web.servlet.handler.AbstractHandlerMapping [http-nio-8080-exec-5] Mapped to ResourceHttpRequestHandler ["classpath:/META-INF/resources/", "classpath:/resources/", "classpath:/static/", "classpath:/public/", "/"]
2024-01-17 08:28:56,284 DEBUG org.springframework.core.log.LogFormatUtils [http-nio-8080-exec-4] GET "/fragments/header.html", parameters={}
2024-01-17 08:28:56,285 DEBUG org.springframework.web.servlet.FrameworkServlet [http-nio-8080-exec-6] Completed 200 OK
2024-01-17 08:28:56,286 DEBUG org.springframework.core.log.LogFormatUtils [http-nio-8080-exec-8] GET "/fragments/footer.html", parameters={}
2024-01-17 08:28:56,287 DEBUG org.springframework.web.servlet.handler.AbstractHandlerMapping [http-nio-8080-exec-4] Mapped to ResourceHttpRequestHandler ["classpath:/META-INF/resources/", "classpath:/resources/", "classpath:/static/", "classpath:/public/", "/"]
2024-01-17 08:28:56,287 DEBUG org.springframework.web.servlet.handler.AbstractHandlerMapping [http-nio-8080-exec-8] Mapped to ResourceHttpRequestHandler ["classpath:/META-INF/resources/", "classpath:/resources/", "classpath:/static/", "classpath:/public/", "/"]
2024-01-17 08:28:56,293 DEBUG org.springframework.web.servlet.FrameworkServlet [http-nio-8080-exec-4] Completed 200 OK
2024-01-17 08:28:56,296 DEBUG org.springframework.web.servlet.FrameworkServlet [http-nio-8080-exec-8] Completed 200 OK
2024-01-17 08:28:56,299 DEBUG org.springframework.core.log.LogFormatUtils [http-nio-8080-exec-8] GET "/img/marke.png", parameters={}
2024-01-17 08:28:56,301 DEBUG org.springframework.web.servlet.handler.AbstractHandlerMapping [http-nio-8080-exec-8] Mapped to ResourceHttpRequestHandler ["classpath:/META-INF/resources/", "classpath:/resources/", "classpath:/static/", "classpath:/public/", "/"]
2024-01-17 08:28:56,303 DEBUG org.springframework.web.servlet.FrameworkServlet [http-nio-8080-exec-5] Completed 200 OK
2024-01-17 08:28:56,311 DEBUG org.springframework.web.servlet.FrameworkServlet [http-nio-8080-exec-8] Completed 200 OK
