2023-12-07 07:49:02,521 INFO org.springframework.boot.StartupInfoLogger [restartedMain] Starting Application on U342556 with PID 20196 (C:\modul183\SoSpriBasisProjekt_V04\target\classes started by TAARAMAW in C:\modul183\SoSpriBasisProjekt_V04)
2023-12-07 07:49:02,521 INFO org.springframework.boot.SpringApplication [restartedMain] No active profile set, falling back to default profiles: default
2023-12-07 07:49:02,577 INFO org.springframework.boot.logging.DeferredLog [restartedMain] The Class-Path manifest attribute in C:\Users\taaramaw\.m2\repository\org\glassfish\jaxb\jaxb-runtime\2.3.2\jaxb-runtime-2.3.2.jar referenced one or more files that do not exist: file:/C:/Users/taaramaw/.m2/repository/org/glassfish/jaxb/jaxb-runtime/2.3.2/jakarta.xml.bind-api-2.3.2.jar,file:/C:/Users/taaramaw/.m2/repository/org/glassfish/jaxb/jaxb-runtime/2.3.2/txw2-2.3.2.jar,file:/C:/Users/taaramaw/.m2/repository/org/glassfish/jaxb/jaxb-runtime/2.3.2/istack-commons-runtime-3.0.8.jar,file:/C:/Users/taaramaw/.m2/repository/org/glassfish/jaxb/jaxb-runtime/2.3.2/stax-ex-1.8.1.jar,file:/C:/Users/taaramaw/.m2/repository/org/glassfish/jaxb/jaxb-runtime/2.3.2/FastInfoset-1.2.16.jar,file:/C:/Users/taaramaw/.m2/repository/org/glassfish/jaxb/jaxb-runtime/2.3.2/jakarta.activation-api-1.2.1.jar
2023-12-07 07:49:02,577 INFO org.springframework.boot.logging.DeferredLog [restartedMain] Devtools property defaults active! Set 'spring.devtools.add-properties' to 'false' to disable
2023-12-07 07:49:02,577 INFO org.springframework.boot.logging.DeferredLog [restartedMain] For additional web related logging consider setting the 'logging.level.web' property to 'DEBUG'
2023-12-07 07:49:03,384 INFO org.springframework.data.repository.config.RepositoryConfigurationDelegate [restartedMain] Bootstrapping Spring Data JPA repositories in DEFAULT mode.
2023-12-07 07:49:03,498 INFO org.springframework.data.repository.config.RepositoryConfigurationDelegate [restartedMain] Finished Spring Data repository scanning in 90ms. Found 2 JPA repository interfaces.
2023-12-07 07:49:04,175 INFO org.springframework.boot.web.embedded.tomcat.TomcatWebServer [restartedMain] Tomcat initialized with port(s): 8080 (http)
2023-12-07 07:49:04,191 INFO org.apache.juli.logging.DirectJDKLog [restartedMain] Initializing ProtocolHandler ["http-nio-8080"]
2023-12-07 07:49:04,193 INFO org.apache.juli.logging.DirectJDKLog [restartedMain] Starting service [Tomcat]
2023-12-07 07:49:04,193 INFO org.apache.juli.logging.DirectJDKLog [restartedMain] Starting Servlet engine: [Apache Tomcat/9.0.31]
2023-12-07 07:49:04,305 INFO org.apache.juli.logging.DirectJDKLog [restartedMain] Initializing Spring embedded WebApplicationContext
2023-12-07 07:49:04,306 DEBUG org.springframework.boot.web.servlet.context.ServletWebServerApplicationContext [restartedMain] Published root WebApplicationContext as ServletContext attribute with name [org.springframework.web.context.WebApplicationContext.ROOT]
2023-12-07 07:49:04,307 INFO org.springframework.boot.web.servlet.context.ServletWebServerApplicationContext [restartedMain] Root WebApplicationContext: initialization completed in 1730 ms
2023-12-07 07:49:04,439 INFO com.zaxxer.hikari.HikariDataSource [restartedMain] HikariPool-1 - Starting...
2023-12-07 07:49:04,653 INFO com.zaxxer.hikari.HikariDataSource [restartedMain] HikariPool-1 - Start completed.
2023-12-07 07:49:04,653 INFO org.springframework.boot.autoconfigure.h2.H2ConsoleAutoConfiguration [restartedMain] H2 console available at '/h2-console/'. Database available at 'jdbc:h2:mem:chatdb'
2023-12-07 07:49:04,905 INFO org.hibernate.jpa.internal.util.LogHelper [restartedMain] HHH000204: Processing PersistenceUnitInfo [name: default]
2023-12-07 07:49:04,989 INFO org.hibernate.Version [restartedMain] HHH000412: Hibernate ORM core version 5.4.12.Final
2023-12-07 07:49:05,189 INFO org.hibernate.annotations.common.reflection.java.JavaReflectionManager [restartedMain] HCANN000001: Hibernate Commons Annotations {5.1.0.Final}
2023-12-07 07:49:05,339 INFO org.hibernate.dialect.Dialect [restartedMain] HHH000400: Using dialect: org.hibernate.dialect.H2Dialect
2023-12-07 07:49:06,002 INFO org.hibernate.engine.transaction.jta.platform.internal.JtaPlatformInitiator [restartedMain] HHH000490: Using JtaPlatform implementation: [org.hibernate.engine.transaction.jta.platform.internal.NoJtaPlatform]
2023-12-07 07:49:06,002 INFO org.springframework.orm.jpa.AbstractEntityManagerFactoryBean [restartedMain] Initialized JPA EntityManagerFactory for persistence unit 'default'
2023-12-07 07:49:06,026 INFO org.springframework.boot.devtools.autoconfigure.OptionalLiveReloadServer [restartedMain] LiveReload server is running on port 35729
2023-12-07 07:49:06,548 WARN org.springframework.boot.autoconfigure.orm.jpa.JpaBaseConfiguration$JpaWebConfiguration [restartedMain] spring.jpa.open-in-view is enabled by default. Therefore, database queries may be performed during view rendering. Explicitly configure spring.jpa.open-in-view to disable this warning
2023-12-07 07:49:06,738 INFO org.springframework.security.web.DefaultSecurityFilterChain [restartedMain] Creating filter chain: any request, [org.springframework.security.web.context.request.async.WebAsyncManagerIntegrationFilter@70aec174, org.springframework.security.web.context.SecurityContextPersistenceFilter@6f9f1d8f, org.springframework.security.web.header.HeaderWriterFilter@2273bdb5, org.springframework.security.web.csrf.CsrfFilter@1d9602ce, org.springframework.security.web.authentication.logout.LogoutFilter@2f9b9d51, org.springframework.security.web.authentication.UsernamePasswordAuthenticationFilter@4097d54d, org.springframework.security.web.savedrequest.RequestCacheAwareFilter@71cd18bb, org.springframework.security.web.servletapi.SecurityContextHolderAwareRequestFilter@56e59e75, org.springframework.security.web.authentication.AnonymousAuthenticationFilter@5bddc0d9, org.springframework.security.web.session.SessionManagementFilter@58178022, org.springframework.security.web.access.ExceptionTranslationFilter@62567fc4, org.springframework.security.web.access.intercept.FilterSecurityInterceptor@20cca5dd]
2023-12-07 07:49:06,905 INFO org.springframework.scheduling.concurrent.ExecutorConfigurationSupport [restartedMain] Initializing ExecutorService 'applicationTaskExecutor'
2023-12-07 07:49:06,913 DEBUG org.springframework.web.servlet.mvc.method.annotation.RequestMappingHandlerAdapter [restartedMain] ControllerAdvice beans: 0 @ModelAttribute, 0 @InitBinder, 1 RequestBodyAdvice, 1 ResponseBodyAdvice
2023-12-07 07:49:06,991 DEBUG org.springframework.web.servlet.handler.AbstractHandlerMethodMapping [restartedMain] 13 mappings in 'requestMappingHandlerMapping'
2023-12-07 07:49:06,996 INFO org.springframework.boot.autoconfigure.web.servlet.WelcomePageHandlerMapping [restartedMain] Adding welcome page: class path resource [static/index.html]
2023-12-07 07:49:07,023 DEBUG org.springframework.web.servlet.handler.SimpleUrlHandlerMapping [restartedMain] Patterns [/webjars/**, /**] in 'resourceHandlerMapping'
2023-12-07 07:49:07,037 DEBUG org.springframework.web.servlet.mvc.method.annotation.ExceptionHandlerExceptionResolver [restartedMain] ControllerAdvice beans: 0 @ExceptionHandler, 1 ResponseBodyAdvice
2023-12-07 07:49:07,249 INFO org.springframework.boot.actuate.endpoint.web.EndpointLinksResolver [restartedMain] Exposing 2 endpoint(s) beneath base path '/actuator'
2023-12-07 07:49:07,288 INFO org.apache.juli.logging.DirectJDKLog [restartedMain] Starting ProtocolHandler ["http-nio-8080"]
2023-12-07 07:49:07,340 INFO org.springframework.boot.web.embedded.tomcat.TomcatWebServer [restartedMain] Tomcat started on port(s): 8080 (http) with context path ''
2023-12-07 07:49:07,342 INFO org.springframework.boot.StartupInfoLogger [restartedMain] Started Application in 5.318 seconds (JVM running for 6.344)
2023-12-07 07:49:07,556 INFO org.apache.juli.logging.DirectJDKLog [http-nio-8080-exec-1] Initializing Spring DispatcherServlet 'dispatcherServlet'
2023-12-07 07:49:07,557 INFO org.springframework.web.servlet.FrameworkServlet [http-nio-8080-exec-1] Initializing Servlet 'dispatcherServlet'
2023-12-07 07:49:07,558 DEBUG org.springframework.web.servlet.DispatcherServlet [http-nio-8080-exec-1] Detected StandardServletMultipartResolver
2023-12-07 07:49:07,568 DEBUG org.springframework.web.servlet.FrameworkServlet [http-nio-8080-exec-1] enableLoggingRequestDetails='false': request parameters and headers will be masked to prevent unsafe logging of potentially sensitive data
2023-12-07 07:49:07,569 INFO org.springframework.web.servlet.FrameworkServlet [http-nio-8080-exec-1] Completed initialization in 11 ms
2023-12-07 07:49:07,593 DEBUG org.springframework.core.log.LogFormatUtils [http-nio-8080-exec-1] GET "/", parameters={}
2023-12-07 07:49:07,619 DEBUG org.springframework.web.servlet.view.ContentNegotiatingViewResolver [http-nio-8080-exec-1] Selected 'text/html' given [text/html, application/xhtml+xml, image/avif, image/webp, image/apng, application/xml;q=0.9, application/signed-exchange;v=b3;q=0.7, */*;q=0.8]
2023-12-07 07:49:07,621 DEBUG org.springframework.web.servlet.view.AbstractView [http-nio-8080-exec-1] View [InternalResourceView], model {}
2023-12-07 07:49:07,622 DEBUG org.springframework.web.servlet.view.InternalResourceView [http-nio-8080-exec-1] Forwarding to [index.html]
2023-12-07 07:49:07,622 DEBUG org.springframework.core.log.LogFormatUtils [http-nio-8080-exec-1] "FORWARD" dispatch for GET "/index.html", parameters={}
2023-12-07 07:49:07,622 DEBUG org.springframework.web.servlet.handler.AbstractHandlerMapping [http-nio-8080-exec-1] Mapped to ResourceHttpRequestHandler ["classpath:/META-INF/resources/", "classpath:/resources/", "classpath:/static/", "classpath:/public/", "/"]
2023-12-07 07:49:07,651 DEBUG org.springframework.web.servlet.FrameworkServlet [http-nio-8080-exec-1] Exiting from "FORWARD" dispatch, status 200
2023-12-07 07:49:07,654 DEBUG org.springframework.web.servlet.FrameworkServlet [http-nio-8080-exec-1] Completed 200 OK
2023-12-07 07:49:07,673 DEBUG org.springframework.core.log.LogFormatUtils [http-nio-8080-exec-2] GET "/css/pr_bbw.css", parameters={}
2023-12-07 07:49:07,676 DEBUG org.springframework.web.servlet.handler.AbstractHandlerMapping [http-nio-8080-exec-2] Mapped to ResourceHttpRequestHandler ["classpath:/META-INF/resources/", "classpath:/resources/", "classpath:/static/", "classpath:/public/", "/"]
2023-12-07 07:49:07,683 DEBUG org.springframework.web.servlet.FrameworkServlet [http-nio-8080-exec-2] Completed 200 OK
2023-12-07 07:49:08,042 DEBUG org.springframework.core.log.LogFormatUtils [http-nio-8080-exec-3] GET "/img/aussicht.png", parameters={}
2023-12-07 07:49:08,043 DEBUG org.springframework.core.log.LogFormatUtils [http-nio-8080-exec-4] GET "/img/garten.png", parameters={}
2023-12-07 07:49:08,046 DEBUG org.springframework.web.servlet.handler.AbstractHandlerMapping [http-nio-8080-exec-4] Mapped to ResourceHttpRequestHandler ["classpath:/META-INF/resources/", "classpath:/resources/", "classpath:/static/", "classpath:/public/", "/"]
2023-12-07 07:49:08,046 DEBUG org.springframework.web.servlet.handler.AbstractHandlerMapping [http-nio-8080-exec-3] Mapped to ResourceHttpRequestHandler ["classpath:/META-INF/resources/", "classpath:/resources/", "classpath:/static/", "classpath:/public/", "/"]
2023-12-07 07:49:08,051 DEBUG org.springframework.web.servlet.FrameworkServlet [http-nio-8080-exec-4] Completed 200 OK
2023-12-07 07:49:08,051 DEBUG org.springframework.web.servlet.FrameworkServlet [http-nio-8080-exec-3] Completed 200 OK
2023-12-07 07:49:08,057 DEBUG org.springframework.core.log.LogFormatUtils [http-nio-8080-exec-6] GET "/img/mahlzeit.png", parameters={}
2023-12-07 07:49:08,057 DEBUG org.springframework.core.log.LogFormatUtils [http-nio-8080-exec-5] GET "/img/gastfreundschaft.png", parameters={}
2023-12-07 07:49:08,061 DEBUG org.springframework.web.servlet.handler.AbstractHandlerMapping [http-nio-8080-exec-6] Mapped to ResourceHttpRequestHandler ["classpath:/META-INF/resources/", "classpath:/resources/", "classpath:/static/", "classpath:/public/", "/"]
2023-12-07 07:49:08,061 DEBUG org.springframework.web.servlet.handler.AbstractHandlerMapping [http-nio-8080-exec-5] Mapped to ResourceHttpRequestHandler ["classpath:/META-INF/resources/", "classpath:/resources/", "classpath:/static/", "classpath:/public/", "/"]
2023-12-07 07:49:08,065 DEBUG org.springframework.web.servlet.FrameworkServlet [http-nio-8080-exec-5] Completed 200 OK
2023-12-07 07:49:08,065 DEBUG org.springframework.web.servlet.FrameworkServlet [http-nio-8080-exec-6] Completed 200 OK
2023-12-07 07:49:08,072 DEBUG org.springframework.core.log.LogFormatUtils [http-nio-8080-exec-7] GET "/img/wifi-signal.png", parameters={}
2023-12-07 07:49:08,072 DEBUG org.springframework.web.servlet.handler.AbstractHandlerMapping [http-nio-8080-exec-7] Mapped to ResourceHttpRequestHandler ["classpath:/META-INF/resources/", "classpath:/resources/", "classpath:/static/", "classpath:/public/", "/"]
2023-12-07 07:49:08,087 DEBUG org.springframework.web.servlet.FrameworkServlet [http-nio-8080-exec-7] Completed 200 OK
2023-12-07 07:49:08,449 DEBUG org.springframework.core.log.LogFormatUtils [http-nio-8080-exec-8] GET "/fragments/header.html", parameters={}
2023-12-07 07:49:08,451 DEBUG org.springframework.web.servlet.handler.AbstractHandlerMapping [http-nio-8080-exec-8] Mapped to ResourceHttpRequestHandler ["classpath:/META-INF/resources/", "classpath:/resources/", "classpath:/static/", "classpath:/public/", "/"]
2023-12-07 07:49:08,451 DEBUG org.springframework.core.log.LogFormatUtils [http-nio-8080-exec-9] GET "/fragments/footer.html", parameters={}
2023-12-07 07:49:08,453 DEBUG org.springframework.web.servlet.handler.AbstractHandlerMapping [http-nio-8080-exec-9] Mapped to ResourceHttpRequestHandler ["classpath:/META-INF/resources/", "classpath:/resources/", "classpath:/static/", "classpath:/public/", "/"]
2023-12-07 07:49:08,459 DEBUG org.springframework.web.servlet.FrameworkServlet [http-nio-8080-exec-9] Completed 200 OK
2023-12-07 07:49:08,471 DEBUG org.springframework.web.servlet.FrameworkServlet [http-nio-8080-exec-8] Completed 200 OK
2023-12-07 07:49:08,479 DEBUG org.springframework.core.log.LogFormatUtils [http-nio-8080-exec-10] GET "/img/marke.png", parameters={}
2023-12-07 07:49:08,482 DEBUG org.springframework.web.servlet.handler.AbstractHandlerMapping [http-nio-8080-exec-10] Mapped to ResourceHttpRequestHandler ["classpath:/META-INF/resources/", "classpath:/resources/", "classpath:/static/", "classpath:/public/", "/"]
2023-12-07 07:49:08,486 DEBUG org.springframework.web.servlet.FrameworkServlet [http-nio-8080-exec-10] Completed 200 OK
2023-12-07 07:49:09,564 DEBUG org.springframework.core.log.LogFormatUtils [http-nio-8080-exec-1] GET "/favicon.ico", parameters={}
2023-12-07 07:49:09,564 DEBUG org.springframework.web.servlet.handler.AbstractHandlerMapping [http-nio-8080-exec-1] Mapped to ResourceHttpRequestHandler ["classpath:/META-INF/resources/", "classpath:/resources/", "classpath:/static/", "classpath:/public/", "/"]
2023-12-07 07:49:09,580 DEBUG org.springframework.web.servlet.resource.ResourceHttpRequestHandler [http-nio-8080-exec-1] Resource not found
2023-12-07 07:49:09,580 DEBUG org.springframework.web.servlet.FrameworkServlet [http-nio-8080-exec-1] Completed 404 NOT_FOUND
2023-12-07 07:49:09,580 DEBUG org.springframework.core.log.LogFormatUtils [http-nio-8080-exec-1] "ERROR" dispatch for GET "/error", parameters={}
2023-12-07 07:49:09,585 DEBUG org.springframework.web.servlet.handler.AbstractHandlerMapping [http-nio-8080-exec-1] Mapped to org.springframework.boot.autoconfigure.web.servlet.error.BasicErrorController#error(HttpServletRequest)
2023-12-07 07:49:09,605 DEBUG org.springframework.web.servlet.mvc.method.annotation.AbstractMessageConverterMethodProcessor [http-nio-8080-exec-1] Using 'application/json;q=0.8', given [image/avif, image/webp, image/apng, image/svg+xml, image/*, */*;q=0.8] and supported [application/json, application/*+json, application/json, application/*+json]
2023-12-07 07:49:09,606 DEBUG org.springframework.core.log.LogFormatUtils [http-nio-8080-exec-1] Writing [{timestamp=Thu Dec 07 07:49:09 CET 2023, status=404, error=Not Found, message=No message available,  (truncated)...]
2023-12-07 07:49:09,637 DEBUG org.springframework.web.servlet.FrameworkServlet [http-nio-8080-exec-1] Exiting from "ERROR" dispatch, status 404
2023-12-07 07:49:48,189 DEBUG org.springframework.core.log.LogFormatUtils [http-nio-8080-exec-2] GET "/unterkunft.html", parameters={}
2023-12-07 07:49:48,194 DEBUG org.springframework.web.servlet.handler.AbstractHandlerMapping [http-nio-8080-exec-2] Mapped to ResourceHttpRequestHandler ["classpath:/META-INF/resources/", "classpath:/resources/", "classpath:/static/", "classpath:/public/", "/"]
2023-12-07 07:49:48,201 DEBUG org.springframework.web.servlet.FrameworkServlet [http-nio-8080-exec-2] Completed 200 OK
2023-12-07 07:49:48,219 DEBUG org.springframework.core.log.LogFormatUtils [http-nio-8080-exec-4] GET "/css/pr_bbw.css", parameters={}
2023-12-07 07:49:48,221 DEBUG org.springframework.core.log.LogFormatUtils [http-nio-8080-exec-3] GET "/img/zimmer.jpg", parameters={}
2023-12-07 07:49:48,222 DEBUG org.springframework.web.servlet.handler.AbstractHandlerMapping [http-nio-8080-exec-4] Mapped to ResourceHttpRequestHandler ["classpath:/META-INF/resources/", "classpath:/resources/", "classpath:/static/", "classpath:/public/", "/"]
2023-12-07 07:49:48,222 DEBUG org.springframework.web.servlet.handler.AbstractHandlerMapping [http-nio-8080-exec-3] Mapped to ResourceHttpRequestHandler ["classpath:/META-INF/resources/", "classpath:/resources/", "classpath:/static/", "classpath:/public/", "/"]
2023-12-07 07:49:48,222 DEBUG org.springframework.web.servlet.FrameworkServlet [http-nio-8080-exec-4] Completed 200 OK
2023-12-07 07:49:48,222 DEBUG org.springframework.core.log.LogFormatUtils [http-nio-8080-exec-5] GET "/img/kueche_wohnraum1.jpg", parameters={}
2023-12-07 07:49:48,233 DEBUG org.springframework.web.servlet.handler.AbstractHandlerMapping [http-nio-8080-exec-5] Mapped to ResourceHttpRequestHandler ["classpath:/META-INF/resources/", "classpath:/resources/", "classpath:/static/", "classpath:/public/", "/"]
2023-12-07 07:49:48,245 DEBUG org.springframework.web.servlet.FrameworkServlet [http-nio-8080-exec-3] Completed 200 OK
2023-12-07 07:49:48,250 DEBUG org.springframework.web.servlet.FrameworkServlet [http-nio-8080-exec-5] Completed 200 OK
2023-12-07 07:49:48,251 DEBUG org.springframework.core.log.LogFormatUtils [http-nio-8080-exec-6] GET "/img/fernseher.jpg", parameters={}
2023-12-07 07:49:48,252 DEBUG org.springframework.core.log.LogFormatUtils [http-nio-8080-exec-5] GET "/img/badezimmer.jpg", parameters={}
2023-12-07 07:49:48,253 DEBUG org.springframework.web.servlet.handler.AbstractHandlerMapping [http-nio-8080-exec-6] Mapped to ResourceHttpRequestHandler ["classpath:/META-INF/resources/", "classpath:/resources/", "classpath:/static/", "classpath:/public/", "/"]
2023-12-07 07:49:48,254 DEBUG org.springframework.web.servlet.handler.AbstractHandlerMapping [http-nio-8080-exec-5] Mapped to ResourceHttpRequestHandler ["classpath:/META-INF/resources/", "classpath:/resources/", "classpath:/static/", "classpath:/public/", "/"]
2023-12-07 07:49:48,267 DEBUG org.springframework.web.servlet.FrameworkServlet [http-nio-8080-exec-6] Completed 200 OK
2023-12-07 07:49:48,270 DEBUG org.springframework.web.servlet.FrameworkServlet [http-nio-8080-exec-5] Completed 200 OK
2023-12-07 07:49:48,279 DEBUG org.springframework.core.log.LogFormatUtils [http-nio-8080-exec-9] GET "/fragments/footer.html", parameters={}
2023-12-07 07:49:48,279 DEBUG org.springframework.core.log.LogFormatUtils [http-nio-8080-exec-7] GET "/fragments/header.html", parameters={}
2023-12-07 07:49:48,283 DEBUG org.springframework.web.servlet.handler.AbstractHandlerMapping [http-nio-8080-exec-9] Mapped to ResourceHttpRequestHandler ["classpath:/META-INF/resources/", "classpath:/resources/", "classpath:/static/", "classpath:/public/", "/"]
2023-12-07 07:49:48,285 DEBUG org.springframework.web.servlet.handler.AbstractHandlerMapping [http-nio-8080-exec-7] Mapped to ResourceHttpRequestHandler ["classpath:/META-INF/resources/", "classpath:/resources/", "classpath:/static/", "classpath:/public/", "/"]
2023-12-07 07:49:48,290 DEBUG org.springframework.web.servlet.FrameworkServlet [http-nio-8080-exec-9] Completed 200 OK
2023-12-07 07:49:48,290 DEBUG org.springframework.web.servlet.FrameworkServlet [http-nio-8080-exec-7] Completed 200 OK
2023-12-07 07:49:48,309 DEBUG org.springframework.core.log.LogFormatUtils [http-nio-8080-exec-8] GET "/img/marke.png", parameters={}
2023-12-07 07:49:48,314 DEBUG org.springframework.web.servlet.handler.AbstractHandlerMapping [http-nio-8080-exec-8] Mapped to ResourceHttpRequestHandler ["classpath:/META-INF/resources/", "classpath:/resources/", "classpath:/static/", "classpath:/public/", "/"]
2023-12-07 07:49:48,322 DEBUG org.springframework.web.servlet.FrameworkServlet [http-nio-8080-exec-8] Completed 200 OK
2023-12-07 07:49:54,512 DEBUG org.springframework.core.log.LogFormatUtils [http-nio-8080-exec-10] GET "/contact.html", parameters={}
2023-12-07 07:49:54,515 DEBUG org.springframework.web.servlet.handler.AbstractHandlerMapping [http-nio-8080-exec-10] Mapped to ResourceHttpRequestHandler ["classpath:/META-INF/resources/", "classpath:/resources/", "classpath:/static/", "classpath:/public/", "/"]
2023-12-07 07:49:54,521 DEBUG org.springframework.web.servlet.FrameworkServlet [http-nio-8080-exec-10] Completed 200 OK
2023-12-07 07:49:54,538 DEBUG org.springframework.core.log.LogFormatUtils [http-nio-8080-exec-1] GET "/css/pr_bbw.css", parameters={}
2023-12-07 07:49:54,539 DEBUG org.springframework.core.log.LogFormatUtils [http-nio-8080-exec-2] GET "/img/facebook.svg", parameters={}
2023-12-07 07:49:54,539 DEBUG org.springframework.core.log.LogFormatUtils [http-nio-8080-exec-4] GET "/img/instagram.svg", parameters={}
2023-12-07 07:49:54,541 DEBUG org.springframework.web.servlet.handler.AbstractHandlerMapping [http-nio-8080-exec-2] Mapped to ResourceHttpRequestHandler ["classpath:/META-INF/resources/", "classpath:/resources/", "classpath:/static/", "classpath:/public/", "/"]
2023-12-07 07:49:54,541 DEBUG org.springframework.web.servlet.handler.AbstractHandlerMapping [http-nio-8080-exec-1] Mapped to ResourceHttpRequestHandler ["classpath:/META-INF/resources/", "classpath:/resources/", "classpath:/static/", "classpath:/public/", "/"]
2023-12-07 07:49:54,541 DEBUG org.springframework.web.servlet.handler.AbstractHandlerMapping [http-nio-8080-exec-4] Mapped to ResourceHttpRequestHandler ["classpath:/META-INF/resources/", "classpath:/resources/", "classpath:/static/", "classpath:/public/", "/"]
2023-12-07 07:49:54,546 DEBUG org.springframework.web.servlet.FrameworkServlet [http-nio-8080-exec-1] Completed 200 OK
2023-12-07 07:49:54,549 DEBUG org.springframework.web.servlet.FrameworkServlet [http-nio-8080-exec-4] Completed 200 OK
2023-12-07 07:49:54,549 DEBUG org.springframework.web.servlet.FrameworkServlet [http-nio-8080-exec-2] Completed 200 OK
2023-12-07 07:49:54,556 DEBUG org.springframework.core.log.LogFormatUtils [http-nio-8080-exec-3] GET "/img/twitter.svg", parameters={}
2023-12-07 07:49:54,559 DEBUG org.springframework.core.log.LogFormatUtils [http-nio-8080-exec-6] GET "/img/whatsapp.svg", parameters={}
2023-12-07 07:49:54,559 DEBUG org.springframework.web.servlet.handler.AbstractHandlerMapping [http-nio-8080-exec-3] Mapped to ResourceHttpRequestHandler ["classpath:/META-INF/resources/", "classpath:/resources/", "classpath:/static/", "classpath:/public/", "/"]
2023-12-07 07:49:54,561 DEBUG org.springframework.web.servlet.handler.AbstractHandlerMapping [http-nio-8080-exec-6] Mapped to ResourceHttpRequestHandler ["classpath:/META-INF/resources/", "classpath:/resources/", "classpath:/static/", "classpath:/public/", "/"]
2023-12-07 07:49:54,566 DEBUG org.springframework.web.servlet.FrameworkServlet [http-nio-8080-exec-3] Completed 200 OK
2023-12-07 07:49:54,569 DEBUG org.springframework.web.servlet.FrameworkServlet [http-nio-8080-exec-6] Completed 200 OK
2023-12-07 07:49:54,593 DEBUG org.springframework.core.log.LogFormatUtils [http-nio-8080-exec-5] GET "/fragments/header.html", parameters={}
2023-12-07 07:49:54,593 DEBUG org.springframework.core.log.LogFormatUtils [http-nio-8080-exec-9] GET "/fragments/footer.html", parameters={}
2023-12-07 07:49:54,595 DEBUG org.springframework.web.servlet.handler.AbstractHandlerMapping [http-nio-8080-exec-9] Mapped to ResourceHttpRequestHandler ["classpath:/META-INF/resources/", "classpath:/resources/", "classpath:/static/", "classpath:/public/", "/"]
2023-12-07 07:49:54,595 DEBUG org.springframework.web.servlet.handler.AbstractHandlerMapping [http-nio-8080-exec-5] Mapped to ResourceHttpRequestHandler ["classpath:/META-INF/resources/", "classpath:/resources/", "classpath:/static/", "classpath:/public/", "/"]
2023-12-07 07:49:54,600 DEBUG org.springframework.web.servlet.FrameworkServlet [http-nio-8080-exec-9] Completed 200 OK
2023-12-07 07:49:54,600 DEBUG org.springframework.web.servlet.FrameworkServlet [http-nio-8080-exec-5] Completed 200 OK
2023-12-07 07:49:54,607 DEBUG org.springframework.core.log.LogFormatUtils [http-nio-8080-exec-7] GET "/img/marke.png", parameters={}
2023-12-07 07:49:54,609 DEBUG org.springframework.web.servlet.handler.AbstractHandlerMapping [http-nio-8080-exec-7] Mapped to ResourceHttpRequestHandler ["classpath:/META-INF/resources/", "classpath:/resources/", "classpath:/static/", "classpath:/public/", "/"]
2023-12-07 07:49:54,615 DEBUG org.springframework.web.servlet.FrameworkServlet [http-nio-8080-exec-7] Completed 200 OK
2023-12-07 07:50:01,460 DEBUG org.springframework.core.log.LogFormatUtils [http-nio-8080-exec-8] GET "/index.html", parameters={}
2023-12-07 07:50:01,463 DEBUG org.springframework.web.servlet.handler.AbstractHandlerMapping [http-nio-8080-exec-8] Mapped to ResourceHttpRequestHandler ["classpath:/META-INF/resources/", "classpath:/resources/", "classpath:/static/", "classpath:/public/", "/"]
2023-12-07 07:50:01,467 DEBUG org.springframework.web.servlet.FrameworkServlet [http-nio-8080-exec-8] Completed 200 OK
2023-12-07 07:50:01,486 DEBUG org.springframework.core.log.LogFormatUtils [http-nio-8080-exec-10] GET "/css/pr_bbw.css", parameters={}
2023-12-07 07:50:01,487 DEBUG org.springframework.web.servlet.handler.AbstractHandlerMapping [http-nio-8080-exec-10] Mapped to ResourceHttpRequestHandler ["classpath:/META-INF/resources/", "classpath:/resources/", "classpath:/static/", "classpath:/public/", "/"]
2023-12-07 07:50:01,489 DEBUG org.springframework.core.log.LogFormatUtils [http-nio-8080-exec-1] GET "/img/aussicht.png", parameters={}
2023-12-07 07:50:01,490 DEBUG org.springframework.core.log.LogFormatUtils [http-nio-8080-exec-4] GET "/img/garten.png", parameters={}
2023-12-07 07:50:01,492 DEBUG org.springframework.web.servlet.handler.AbstractHandlerMapping [http-nio-8080-exec-1] Mapped to ResourceHttpRequestHandler ["classpath:/META-INF/resources/", "classpath:/resources/", "classpath:/static/", "classpath:/public/", "/"]
2023-12-07 07:50:01,492 DEBUG org.springframework.web.servlet.handler.AbstractHandlerMapping [http-nio-8080-exec-4] Mapped to ResourceHttpRequestHandler ["classpath:/META-INF/resources/", "classpath:/resources/", "classpath:/static/", "classpath:/public/", "/"]
2023-12-07 07:50:01,493 DEBUG org.springframework.web.servlet.FrameworkServlet [http-nio-8080-exec-10] Completed 200 OK
2023-12-07 07:50:01,497 DEBUG org.springframework.web.servlet.FrameworkServlet [http-nio-8080-exec-4] Completed 200 OK
2023-12-07 07:50:01,498 DEBUG org.springframework.web.servlet.FrameworkServlet [http-nio-8080-exec-1] Completed 200 OK
2023-12-07 07:50:01,502 DEBUG org.springframework.core.log.LogFormatUtils [http-nio-8080-exec-3] GET "/img/mahlzeit.png", parameters={}
2023-12-07 07:50:01,502 DEBUG org.springframework.core.log.LogFormatUtils [http-nio-8080-exec-2] GET "/img/gastfreundschaft.png", parameters={}
2023-12-07 07:50:01,505 DEBUG org.springframework.web.servlet.handler.AbstractHandlerMapping [http-nio-8080-exec-3] Mapped to ResourceHttpRequestHandler ["classpath:/META-INF/resources/", "classpath:/resources/", "classpath:/static/", "classpath:/public/", "/"]
2023-12-07 07:50:01,506 DEBUG org.springframework.web.servlet.handler.AbstractHandlerMapping [http-nio-8080-exec-2] Mapped to ResourceHttpRequestHandler ["classpath:/META-INF/resources/", "classpath:/resources/", "classpath:/static/", "classpath:/public/", "/"]
2023-12-07 07:50:01,508 DEBUG org.springframework.core.log.LogFormatUtils [http-nio-8080-exec-6] GET "/img/wifi-signal.png", parameters={}
2023-12-07 07:50:01,509 DEBUG org.springframework.web.servlet.handler.AbstractHandlerMapping [http-nio-8080-exec-6] Mapped to ResourceHttpRequestHandler ["classpath:/META-INF/resources/", "classpath:/resources/", "classpath:/static/", "classpath:/public/", "/"]
2023-12-07 07:50:01,513 DEBUG org.springframework.web.servlet.FrameworkServlet [http-nio-8080-exec-3] Completed 200 OK
2023-12-07 07:50:01,514 DEBUG org.springframework.web.servlet.FrameworkServlet [http-nio-8080-exec-2] Completed 200 OK
2023-12-07 07:50:01,517 DEBUG org.springframework.core.log.LogFormatUtils [http-nio-8080-exec-9] GET "/fragments/footer.html", parameters={}
2023-12-07 07:50:01,517 DEBUG org.springframework.core.log.LogFormatUtils [http-nio-8080-exec-5] GET "/fragments/header.html", parameters={}
2023-12-07 07:50:01,521 DEBUG org.springframework.web.servlet.handler.AbstractHandlerMapping [http-nio-8080-exec-5] Mapped to ResourceHttpRequestHandler ["classpath:/META-INF/resources/", "classpath:/resources/", "classpath:/static/", "classpath:/public/", "/"]
2023-12-07 07:50:01,521 DEBUG org.springframework.web.servlet.handler.AbstractHandlerMapping [http-nio-8080-exec-9] Mapped to ResourceHttpRequestHandler ["classpath:/META-INF/resources/", "classpath:/resources/", "classpath:/static/", "classpath:/public/", "/"]
2023-12-07 07:50:01,524 DEBUG org.springframework.web.servlet.FrameworkServlet [http-nio-8080-exec-6] Completed 200 OK
2023-12-07 07:50:01,528 DEBUG org.springframework.web.servlet.FrameworkServlet [http-nio-8080-exec-9] Completed 200 OK
2023-12-07 07:50:01,532 DEBUG org.springframework.web.servlet.FrameworkServlet [http-nio-8080-exec-5] Completed 200 OK
2023-12-07 07:50:01,539 DEBUG org.springframework.core.log.LogFormatUtils [http-nio-8080-exec-7] GET "/img/marke.png", parameters={}
2023-12-07 07:50:01,544 DEBUG org.springframework.web.servlet.handler.AbstractHandlerMapping [http-nio-8080-exec-7] Mapped to ResourceHttpRequestHandler ["classpath:/META-INF/resources/", "classpath:/resources/", "classpath:/static/", "classpath:/public/", "/"]
2023-12-07 07:50:01,554 DEBUG org.springframework.web.servlet.FrameworkServlet [http-nio-8080-exec-7] Completed 200 OK
2023-12-07 07:50:13,529 DEBUG org.springframework.core.log.LogFormatUtils [http-nio-8080-exec-8] GET "/", parameters={}
2023-12-07 07:50:13,532 DEBUG org.springframework.web.servlet.view.ContentNegotiatingViewResolver [http-nio-8080-exec-8] Selected 'text/html' given [text/html, application/xhtml+xml, image/avif, image/webp, image/apng, application/xml;q=0.9, application/signed-exchange;v=b3;q=0.7, */*;q=0.8]
2023-12-07 07:50:13,534 DEBUG org.springframework.web.servlet.view.AbstractView [http-nio-8080-exec-8] View [InternalResourceView], model {}
2023-12-07 07:50:13,535 DEBUG org.springframework.web.servlet.view.InternalResourceView [http-nio-8080-exec-8] Forwarding to [index.html]
2023-12-07 07:50:13,537 DEBUG org.springframework.core.log.LogFormatUtils [http-nio-8080-exec-8] "FORWARD" dispatch for GET "/index.html", parameters={}
2023-12-07 07:50:13,539 DEBUG org.springframework.web.servlet.handler.AbstractHandlerMapping [http-nio-8080-exec-8] Mapped to ResourceHttpRequestHandler ["classpath:/META-INF/resources/", "classpath:/resources/", "classpath:/static/", "classpath:/public/", "/"]
2023-12-07 07:50:13,545 DEBUG org.springframework.web.servlet.FrameworkServlet [http-nio-8080-exec-8] Exiting from "FORWARD" dispatch, status 200
2023-12-07 07:50:13,549 DEBUG org.springframework.web.servlet.FrameworkServlet [http-nio-8080-exec-8] Completed 200 OK
2023-12-07 07:50:13,560 DEBUG org.springframework.core.log.LogFormatUtils [http-nio-8080-exec-10] GET "/css/pr_bbw.css", parameters={}
2023-12-07 07:50:13,563 DEBUG org.springframework.web.servlet.handler.AbstractHandlerMapping [http-nio-8080-exec-10] Mapped to ResourceHttpRequestHandler ["classpath:/META-INF/resources/", "classpath:/resources/", "classpath:/static/", "classpath:/public/", "/"]
2023-12-07 07:50:13,568 DEBUG org.springframework.web.servlet.FrameworkServlet [http-nio-8080-exec-10] Completed 200 OK
2023-12-07 07:50:13,573 DEBUG org.springframework.core.log.LogFormatUtils [http-nio-8080-exec-1] GET "/img/garten.png", parameters={}
2023-12-07 07:50:13,573 DEBUG org.springframework.core.log.LogFormatUtils [http-nio-8080-exec-4] GET "/img/aussicht.png", parameters={}
2023-12-07 07:50:13,575 DEBUG org.springframework.web.servlet.handler.AbstractHandlerMapping [http-nio-8080-exec-1] Mapped to ResourceHttpRequestHandler ["classpath:/META-INF/resources/", "classpath:/resources/", "classpath:/static/", "classpath:/public/", "/"]
2023-12-07 07:50:13,575 DEBUG org.springframework.web.servlet.handler.AbstractHandlerMapping [http-nio-8080-exec-4] Mapped to ResourceHttpRequestHandler ["classpath:/META-INF/resources/", "classpath:/resources/", "classpath:/static/", "classpath:/public/", "/"]
2023-12-07 07:50:13,584 DEBUG org.springframework.web.servlet.FrameworkServlet [http-nio-8080-exec-1] Completed 200 OK
2023-12-07 07:50:13,585 DEBUG org.springframework.web.servlet.FrameworkServlet [http-nio-8080-exec-4] Completed 200 OK
2023-12-07 07:50:13,611 DEBUG org.springframework.core.log.LogFormatUtils [http-nio-8080-exec-2] GET "/img/gastfreundschaft.png", parameters={}
2023-12-07 07:50:13,611 DEBUG org.springframework.core.log.LogFormatUtils [http-nio-8080-exec-3] GET "/img/mahlzeit.png", parameters={}
2023-12-07 07:50:13,614 DEBUG org.springframework.web.servlet.handler.AbstractHandlerMapping [http-nio-8080-exec-2] Mapped to ResourceHttpRequestHandler ["classpath:/META-INF/resources/", "classpath:/resources/", "classpath:/static/", "classpath:/public/", "/"]
2023-12-07 07:50:13,616 DEBUG org.springframework.web.servlet.handler.AbstractHandlerMapping [http-nio-8080-exec-3] Mapped to ResourceHttpRequestHandler ["classpath:/META-INF/resources/", "classpath:/resources/", "classpath:/static/", "classpath:/public/", "/"]
2023-12-07 07:50:13,620 DEBUG org.springframework.web.servlet.FrameworkServlet [http-nio-8080-exec-2] Completed 200 OK
2023-12-07 07:50:13,622 DEBUG org.springframework.web.servlet.FrameworkServlet [http-nio-8080-exec-3] Completed 200 OK
2023-12-07 07:50:13,631 DEBUG org.springframework.core.log.LogFormatUtils [http-nio-8080-exec-6] GET "/img/wifi-signal.png", parameters={}
2023-12-07 07:50:13,634 DEBUG org.springframework.web.servlet.handler.AbstractHandlerMapping [http-nio-8080-exec-6] Mapped to ResourceHttpRequestHandler ["classpath:/META-INF/resources/", "classpath:/resources/", "classpath:/static/", "classpath:/public/", "/"]
2023-12-07 07:50:13,639 DEBUG org.springframework.web.servlet.FrameworkServlet [http-nio-8080-exec-6] Completed 200 OK
2023-12-07 07:50:13,684 DEBUG org.springframework.core.log.LogFormatUtils [http-nio-8080-exec-9] GET "/fragments/header.html", parameters={}
2023-12-07 07:50:13,684 DEBUG org.springframework.core.log.LogFormatUtils [http-nio-8080-exec-5] GET "/fragments/footer.html", parameters={}
2023-12-07 07:50:13,686 DEBUG org.springframework.web.servlet.handler.AbstractHandlerMapping [http-nio-8080-exec-5] Mapped to ResourceHttpRequestHandler ["classpath:/META-INF/resources/", "classpath:/resources/", "classpath:/static/", "classpath:/public/", "/"]
2023-12-07 07:50:13,686 DEBUG org.springframework.web.servlet.handler.AbstractHandlerMapping [http-nio-8080-exec-9] Mapped to ResourceHttpRequestHandler ["classpath:/META-INF/resources/", "classpath:/resources/", "classpath:/static/", "classpath:/public/", "/"]
2023-12-07 07:50:13,689 DEBUG org.springframework.web.servlet.FrameworkServlet [http-nio-8080-exec-5] Completed 200 OK
2023-12-07 07:50:13,689 DEBUG org.springframework.web.servlet.FrameworkServlet [http-nio-8080-exec-9] Completed 200 OK
2023-12-07 07:50:13,695 DEBUG org.springframework.core.log.LogFormatUtils [http-nio-8080-exec-7] GET "/img/marke.png", parameters={}
2023-12-07 07:50:13,697 DEBUG org.springframework.web.servlet.handler.AbstractHandlerMapping [http-nio-8080-exec-7] Mapped to ResourceHttpRequestHandler ["classpath:/META-INF/resources/", "classpath:/resources/", "classpath:/static/", "classpath:/public/", "/"]
2023-12-07 07:50:13,702 DEBUG org.springframework.web.servlet.FrameworkServlet [http-nio-8080-exec-7] Completed 200 OK
